GNUmakefile:28: "CPPFLAGS is " -I/usr/share/R/include -fno-rtti -fno-exceptions -fPIC -fshort-wchar -gstabs+ 
echo 

g++  -c -o Revaluator.o  -include mozilla-config.h   -I/home/gmbecker/gabe/checkedout/FirefoxSource192/obj-xulrunner/dist/xulrunner-sdk/include -I/home/gmbecker/gabe/checkedout/FirefoxSource192/obj-xulrunner/dist/xulrunner-sdk/include/xpcom -I/home/gmbecker/gabe/checkedout/FirefoxSource192/obj-xulrunner/dist/xulrunner-sdk/include/content -I/home/gmbecker/gabe/checkedout/FirefoxSource192/obj-xulrunner/dist/xulrunner-sdk/include/widget -I/home/gmbecker/gabe/checkedout/FirefoxSource192/obj-xulrunner/dist/xulrunner-sdk/include/dom -I/home/gmbecker/gabe/checkedout/FirefoxSource192/obj-xulrunner/dist/xulrunner-sdk/include/layout -I/home/gmbecker/gabe/checkedout/FirefoxSource192/obj-xulrunner/dist/xulrunner-sdk/sdk/include  -I/home/gmbecker/gabe/checkedout/FirefoxSource192/obj-xulrunner/dist/xulrunner-sdk/include/string -I/usr/lib64/R/include -I../../src/ -I/usr/share/R/include -fno-rtti -fno-exceptions -fPIC -fshort-wchar -gstabs+   Revaluator.cpp
In file included from /home/gmbecker/gabe/checkedout/FirefoxSource192/obj-xulrunner/dist/xulrunner-sdk/include/nsAString.h:43,
                 from /home/gmbecker/gabe/checkedout/FirefoxSource192/obj-xulrunner/dist/xulrunner-sdk/include/nsContentUtils.h:47,
                 from Revaluator.cpp:27:
/home/gmbecker/gabe/checkedout/FirefoxSource192/obj-xulrunner/dist/xulrunner-sdk/include/nsStringFwd.h:49:2: error: #error Internal string headers are not available from external-linkage code.
In file included from /home/gmbecker/gabe/checkedout/FirefoxSource192/obj-xulrunner/dist/xulrunner-sdk/include/nsAString.h:64,
                 from /home/gmbecker/gabe/checkedout/FirefoxSource192/obj-xulrunner/dist/xulrunner-sdk/include/nsContentUtils.h:47,
                 from Revaluator.cpp:27:
/home/gmbecker/gabe/checkedout/FirefoxSource192/obj-xulrunner/dist/xulrunner-sdk/include/nsTSubstring.h:40:2: error: #error Cannot use internal string classes without MOZILLA_INTERNAL_API defined. Use the frozen header nsStringAPI.h instead.
In file included from /home/gmbecker/gabe/checkedout/FirefoxSource192/obj-xulrunner/dist/xulrunner-sdk/include/nsAString.h:69,
                 from /home/gmbecker/gabe/checkedout/FirefoxSource192/obj-xulrunner/dist/xulrunner-sdk/include/nsContentUtils.h:47,
                 from Revaluator.cpp:27:
/home/gmbecker/gabe/checkedout/FirefoxSource192/obj-xulrunner/dist/xulrunner-sdk/include/nsTSubstring.h:40:2: error: #error Cannot use internal string classes without MOZILLA_INTERNAL_API defined. Use the frozen header nsStringAPI.h instead.
In file included from /home/gmbecker/gabe/checkedout/FirefoxSource192/obj-xulrunner/dist/xulrunner-sdk/include/nsString.h:201,
                 from /home/gmbecker/gabe/checkedout/FirefoxSource192/obj-xulrunner/dist/xulrunner-sdk/include/nsContentList.h:49,
                 from /home/gmbecker/gabe/checkedout/FirefoxSource192/obj-xulrunner/dist/xulrunner-sdk/include/nsContentUtils.h:52,
                 from Revaluator.cpp:27:
/home/gmbecker/gabe/checkedout/FirefoxSource192/obj-xulrunner/dist/xulrunner-sdk/include/nsLiteralString.h:112:1: warning: "NS_LITERAL_STRING" redefined
In file included from /home/gmbecker/gabe/checkedout/FirefoxSource192/obj-xulrunner/dist/xulrunner-sdk/include/nsStringGlue.h:52,
                 from /home/gmbecker/gabe/checkedout/FirefoxSource192/obj-xulrunner/dist/xulrunner-sdk/include/nsIScriptContext.h:42,
                 from Revaluator.cpp:3:
/home/gmbecker/gabe/checkedout/FirefoxSource192/obj-xulrunner/dist/xulrunner-sdk/include/nsStringAPI.h:1087:1: warning: this is the location of the previous definition
In file included from /home/gmbecker/gabe/checkedout/FirefoxSource192/obj-xulrunner/dist/xulrunner-sdk/include/nsStringAPI.h:56,
                 from /home/gmbecker/gabe/checkedout/FirefoxSource192/obj-xulrunner/dist/xulrunner-sdk/include/nsStringGlue.h:52,
                 from /home/gmbecker/gabe/checkedout/FirefoxSource192/obj-xulrunner/dist/xulrunner-sdk/include/nsIScriptContext.h:42,
                 from Revaluator.cpp:3:
/home/gmbecker/gabe/checkedout/FirefoxSource192/obj-xulrunner/dist/xulrunner-sdk/include/nsTArray.h: In instantiation of ‘nsTArray<nsIMutationObserver*>’:
/home/gmbecker/gabe/checkedout/FirefoxSource192/obj-xulrunner/dist/xulrunner-sdk/include/nsTArray.h:881:   instantiated from ‘nsAutoTArray<nsIMutationObserver*, 0u>’
/home/gmbecker/gabe/checkedout/FirefoxSource192/obj-xulrunner/dist/xulrunner-sdk/include/nsTObserverArray.h:348:   instantiated from ‘nsAutoTObserverArray<nsIMutationObserver*, 0u>’
/home/gmbecker/gabe/checkedout/FirefoxSource192/obj-xulrunner/dist/xulrunner-sdk/include/nsTObserverArray.h:352:   instantiated from ‘nsTObserverArray<nsIMutationObserver*>’
/home/gmbecker/gabe/checkedout/FirefoxSource192/obj-xulrunner/dist/xulrunner-sdk/include/nsINode.h:702:   instantiated from here
/home/gmbecker/gabe/checkedout/FirefoxSource192/obj-xulrunner/dist/xulrunner-sdk/include/nsTArray.h:257: warning: ‘nsTArray<nsIMutationObserver*>’ declared with greater visibility than the type of its field ‘nsTArray<nsIMutationObserver*>::<anonymous>’
/home/gmbecker/gabe/checkedout/FirefoxSource192/obj-xulrunner/dist/xulrunner-sdk/include/nsTArray.h:257: warning: ‘nsTArray<nsIMutationObserver*>’ declared with greater visibility than its base ‘nsTArray_base’
In file included from /home/gmbecker/gabe/checkedout/FirefoxSource192/obj-xulrunner/dist/xulrunner-sdk/include/nsINode.h:44,
                 from /home/gmbecker/gabe/checkedout/FirefoxSource192/obj-xulrunner/dist/xulrunner-sdk/include/nsIDocument.h:40,
                 from Revaluator.cpp:10:
/home/gmbecker/gabe/checkedout/FirefoxSource192/obj-xulrunner/dist/xulrunner-sdk/include/nsTObserverArray.h: In instantiation of ‘nsAutoTObserverArray<nsIMutationObserver*, 0u>’:
/home/gmbecker/gabe/checkedout/FirefoxSource192/obj-xulrunner/dist/xulrunner-sdk/include/nsTObserverArray.h:352:   instantiated from ‘nsTObserverArray<nsIMutationObserver*>’
/home/gmbecker/gabe/checkedout/FirefoxSource192/obj-xulrunner/dist/xulrunner-sdk/include/nsINode.h:702:   instantiated from here
/home/gmbecker/gabe/checkedout/FirefoxSource192/obj-xulrunner/dist/xulrunner-sdk/include/nsTObserverArray.h:104: warning: ‘nsAutoTObserverArray<nsIMutationObserver*, 0u>’ declared with greater visibility than the type of its field ‘nsAutoTObserverArray<nsIMutationObserver*, 0u>::<anonymous>’
/home/gmbecker/gabe/checkedout/FirefoxSource192/obj-xulrunner/dist/xulrunner-sdk/include/nsTObserverArray.h:104: warning: ‘nsAutoTObserverArray<nsIMutationObserver*, 0u>’ declared with greater visibility than its base ‘nsTObserverArray_base’
In file included from /home/gmbecker/gabe/checkedout/FirefoxSource192/obj-xulrunner/dist/xulrunner-sdk/include/nsStringAPI.h:56,
                 from /home/gmbecker/gabe/checkedout/FirefoxSource192/obj-xulrunner/dist/xulrunner-sdk/include/nsStringGlue.h:52,
                 from /home/gmbecker/gabe/checkedout/FirefoxSource192/obj-xulrunner/dist/xulrunner-sdk/include/nsIScriptContext.h:42,
                 from Revaluator.cpp:3:
/home/gmbecker/gabe/checkedout/FirefoxSource192/obj-xulrunner/dist/xulrunner-sdk/include/nsTArray.h: In instantiation of ‘nsTArray<nsCOMPtr<nsIObserver> >’:
/home/gmbecker/gabe/checkedout/FirefoxSource192/obj-xulrunner/dist/xulrunner-sdk/include/nsTArray.h:881:   instantiated from ‘nsAutoTArray<nsCOMPtr<nsIObserver>, 8u>’
/home/gmbecker/gabe/checkedout/FirefoxSource192/obj-xulrunner/dist/xulrunner-sdk/include/nsIDocument.h:1088:   instantiated from here
/home/gmbecker/gabe/checkedout/FirefoxSource192/obj-xulrunner/dist/xulrunner-sdk/include/nsTArray.h:257: warning: ‘nsTArray<nsCOMPtr<nsIObserver> >’ declared with greater visibility than the type of its field ‘nsTArray<nsCOMPtr<nsIObserver> >::<anonymous>’
/home/gmbecker/gabe/checkedout/FirefoxSource192/obj-xulrunner/dist/xulrunner-sdk/include/nsTArray.h:257: warning: ‘nsTArray<nsCOMPtr<nsIObserver> >’ declared with greater visibility than its base ‘nsTArray_base’
/home/gmbecker/gabe/checkedout/FirefoxSource192/obj-xulrunner/dist/xulrunner-sdk/include/nsTArray.h: In instantiation of ‘nsTArray<nsIPresShell*>’:
/home/gmbecker/gabe/checkedout/FirefoxSource192/obj-xulrunner/dist/xulrunner-sdk/include/nsTArray.h:881:   instantiated from ‘nsAutoTArray<nsIPresShell*, 0u>’
/home/gmbecker/gabe/checkedout/FirefoxSource192/obj-xulrunner/dist/xulrunner-sdk/include/nsTObserverArray.h:348:   instantiated from ‘nsAutoTObserverArray<nsIPresShell*, 0u>’
/home/gmbecker/gabe/checkedout/FirefoxSource192/obj-xulrunner/dist/xulrunner-sdk/include/nsTObserverArray.h:352:   instantiated from ‘nsTObserverArray<nsIPresShell*>’
/home/gmbecker/gabe/checkedout/FirefoxSource192/obj-xulrunner/dist/xulrunner-sdk/include/nsIDocument.h:1307:   instantiated from here
/home/gmbecker/gabe/checkedout/FirefoxSource192/obj-xulrunner/dist/xulrunner-sdk/include/nsTArray.h:257: warning: ‘nsTArray<nsIPresShell*>’ declared with greater visibility than the type of its field ‘nsTArray<nsIPresShell*>::<anonymous>’
/home/gmbecker/gabe/checkedout/FirefoxSource192/obj-xulrunner/dist/xulrunner-sdk/include/nsTArray.h:257: warning: ‘nsTArray<nsIPresShell*>’ declared with greater visibility than its base ‘nsTArray_base’
In file included from /home/gmbecker/gabe/checkedout/FirefoxSource192/obj-xulrunner/dist/xulrunner-sdk/include/nsINode.h:44,
                 from /home/gmbecker/gabe/checkedout/FirefoxSource192/obj-xulrunner/dist/xulrunner-sdk/include/nsIDocument.h:40,
                 from Revaluator.cpp:10:
/home/gmbecker/gabe/checkedout/FirefoxSource192/obj-xulrunner/dist/xulrunner-sdk/include/nsTObserverArray.h: In instantiation of ‘nsAutoTObserverArray<nsIPresShell*, 0u>’:
/home/gmbecker/gabe/checkedout/FirefoxSource192/obj-xulrunner/dist/xulrunner-sdk/include/nsTObserverArray.h:352:   instantiated from ‘nsTObserverArray<nsIPresShell*>’
/home/gmbecker/gabe/checkedout/FirefoxSource192/obj-xulrunner/dist/xulrunner-sdk/include/nsIDocument.h:1307:   instantiated from here
/home/gmbecker/gabe/checkedout/FirefoxSource192/obj-xulrunner/dist/xulrunner-sdk/include/nsTObserverArray.h:104: warning: ‘nsAutoTObserverArray<nsIPresShell*, 0u>’ declared with greater visibility than the type of its field ‘nsAutoTObserverArray<nsIPresShell*, 0u>::<anonymous>’
/home/gmbecker/gabe/checkedout/FirefoxSource192/obj-xulrunner/dist/xulrunner-sdk/include/nsTObserverArray.h:104: warning: ‘nsAutoTObserverArray<nsIPresShell*, 0u>’ declared with greater visibility than its base ‘nsTObserverArray_base’
In file included from /home/gmbecker/gabe/checkedout/FirefoxSource192/obj-xulrunner/dist/xulrunner-sdk/include/nsIDocument.h:44,
                 from Revaluator.cpp:10:
/home/gmbecker/gabe/checkedout/FirefoxSource192/obj-xulrunner/dist/xulrunner-sdk/include/nsCOMArray.h: In instantiation of ‘nsCOMArray<nsINode>’:
/home/gmbecker/gabe/checkedout/FirefoxSource192/obj-xulrunner/dist/xulrunner-sdk/include/nsIDocument.h:1309:   instantiated from here
/home/gmbecker/gabe/checkedout/FirefoxSource192/obj-xulrunner/dist/xulrunner-sdk/include/nsCOMArray.h:147: warning: ‘nsCOMArray<nsINode>’ declared with greater visibility than the type of its field ‘nsCOMArray<nsINode>::<anonymous>’
/home/gmbecker/gabe/checkedout/FirefoxSource192/obj-xulrunner/dist/xulrunner-sdk/include/nsCOMArray.h:147: warning: ‘nsCOMArray<nsINode>’ declared with greater visibility than its base ‘nsCOMArray_base’
In file included from /home/gmbecker/gabe/checkedout/FirefoxSource192/obj-xulrunner/dist/xulrunner-sdk/include/nsAString.h:43,
                 from /home/gmbecker/gabe/checkedout/FirefoxSource192/obj-xulrunner/dist/xulrunner-sdk/include/nsContentUtils.h:47,
                 from Revaluator.cpp:27:
/home/gmbecker/gabe/checkedout/FirefoxSource192/obj-xulrunner/dist/xulrunner-sdk/include/nsStringFwd.h:59: error: using typedef-name ‘nsAutoString’ after ‘class’
/home/gmbecker/gabe/checkedout/FirefoxSource192/obj-xulrunner/dist/xulrunner-sdk/include/nsStringAPI.h:1425: error: ‘nsAutoString’ has a previous declaration here
/home/gmbecker/gabe/checkedout/FirefoxSource192/obj-xulrunner/dist/xulrunner-sdk/include/nsStringFwd.h:75: error: using typedef-name ‘nsCAutoString’ after ‘class’
/home/gmbecker/gabe/checkedout/FirefoxSource192/obj-xulrunner/dist/xulrunner-sdk/include/nsStringAPI.h:1424: error: ‘nsCAutoString’ has a previous declaration here
In file included from /home/gmbecker/gabe/checkedout/FirefoxSource192/obj-xulrunner/dist/xulrunner-sdk/include/nsAString.h:64,
                 from /home/gmbecker/gabe/checkedout/FirefoxSource192/obj-xulrunner/dist/xulrunner-sdk/include/nsContentUtils.h:47,
                 from Revaluator.cpp:27:
/home/gmbecker/gabe/checkedout/FirefoxSource192/obj-xulrunner/dist/xulrunner-sdk/include/nsTSubstring.h:85: error: redefinition of ‘class nsAString’
/home/gmbecker/gabe/checkedout/FirefoxSource192/obj-xulrunner/dist/xulrunner-sdk/include/nsStringAPI.h:59: error: previous definition of ‘class nsAString’
In file included from /home/gmbecker/gabe/checkedout/FirefoxSource192/obj-xulrunner/dist/xulrunner-sdk/include/nsAString.h:64,
                 from /home/gmbecker/gabe/checkedout/FirefoxSource192/obj-xulrunner/dist/xulrunner-sdk/include/nsContentUtils.h:47,
                 from Revaluator.cpp:27:
/home/gmbecker/gabe/checkedout/FirefoxSource192/obj-xulrunner/dist/xulrunner-sdk/include/nsTSubstring.h:691: error: expected unqualified-id before ‘&’ token
/home/gmbecker/gabe/checkedout/FirefoxSource192/obj-xulrunner/dist/xulrunner-sdk/include/nsTSubstring.h:691: error: expected ‘)’ before ‘&’ token
/home/gmbecker/gabe/checkedout/FirefoxSource192/obj-xulrunner/dist/xulrunner-sdk/include/nsTSubstring.h:691: error: expected initializer before ‘&’ token
/home/gmbecker/gabe/checkedout/FirefoxSource192/obj-xulrunner/dist/xulrunner-sdk/include/nsTSubstring.h:695: error: expected unqualified-id before ‘&’ token
/home/gmbecker/gabe/checkedout/FirefoxSource192/obj-xulrunner/dist/xulrunner-sdk/include/nsTSubstring.h:695: error: expected ‘)’ before ‘&’ token
/home/gmbecker/gabe/checkedout/FirefoxSource192/obj-xulrunner/dist/xulrunner-sdk/include/nsTSubstring.h:695: error: expected initializer before ‘&’ token
/home/gmbecker/gabe/checkedout/FirefoxSource192/obj-xulrunner/dist/xulrunner-sdk/include/nsTSubstring.h:701: error: expected unqualified-id before ‘&’ token
/home/gmbecker/gabe/checkedout/FirefoxSource192/obj-xulrunner/dist/xulrunner-sdk/include/nsTSubstring.h:701: error: expected ‘)’ before ‘&’ token
/home/gmbecker/gabe/checkedout/FirefoxSource192/obj-xulrunner/dist/xulrunner-sdk/include/nsTSubstring.h:701: error: expected initializer before ‘&’ token
/home/gmbecker/gabe/checkedout/FirefoxSource192/obj-xulrunner/dist/xulrunner-sdk/include/nsTSubstring.h:707: error: expected unqualified-id before ‘&’ token
/home/gmbecker/gabe/checkedout/FirefoxSource192/obj-xulrunner/dist/xulrunner-sdk/include/nsTSubstring.h:707: error: expected ‘)’ before ‘&’ token
/home/gmbecker/gabe/checkedout/FirefoxSource192/obj-xulrunner/dist/xulrunner-sdk/include/nsTSubstring.h:707: error: expected initializer before ‘&’ token
/home/gmbecker/gabe/checkedout/FirefoxSource192/obj-xulrunner/dist/xulrunner-sdk/include/nsTSubstring.h:713: error: expected unqualified-id before ‘&’ token
/home/gmbecker/gabe/checkedout/FirefoxSource192/obj-xulrunner/dist/xulrunner-sdk/include/nsTSubstring.h:713: error: expected ‘)’ before ‘&’ token
/home/gmbecker/gabe/checkedout/FirefoxSource192/obj-xulrunner/dist/xulrunner-sdk/include/nsTSubstring.h:713: error: expected initializer before ‘&’ token
/home/gmbecker/gabe/checkedout/FirefoxSource192/obj-xulrunner/dist/xulrunner-sdk/include/nsTSubstring.h:719: error: expected unqualified-id before ‘&’ token
/home/gmbecker/gabe/checkedout/FirefoxSource192/obj-xulrunner/dist/xulrunner-sdk/include/nsTSubstring.h:719: error: expected ‘)’ before ‘&’ token
/home/gmbecker/gabe/checkedout/FirefoxSource192/obj-xulrunner/dist/xulrunner-sdk/include/nsTSubstring.h:719: error: expected initializer before ‘&’ token
/home/gmbecker/gabe/checkedout/FirefoxSource192/obj-xulrunner/dist/xulrunner-sdk/include/nsTSubstring.h:725: error: expected unqualified-id before ‘&’ token
/home/gmbecker/gabe/checkedout/FirefoxSource192/obj-xulrunner/dist/xulrunner-sdk/include/nsTSubstring.h:725: error: expected ‘)’ before ‘&’ token
/home/gmbecker/gabe/checkedout/FirefoxSource192/obj-xulrunner/dist/xulrunner-sdk/include/nsTSubstring.h:725: error: expected initializer before ‘&’ token
In file included from /home/gmbecker/gabe/checkedout/FirefoxSource192/obj-xulrunner/dist/xulrunner-sdk/include/nsAString.h:69,
                 from /home/gmbecker/gabe/checkedout/FirefoxSource192/obj-xulrunner/dist/xulrunner-sdk/include/nsContentUtils.h:47,
                 from Revaluator.cpp:27:
/home/gmbecker/gabe/checkedout/FirefoxSource192/obj-xulrunner/dist/xulrunner-sdk/include/nsTSubstring.h:85: error: redefinition of ‘class nsACString’
/home/gmbecker/gabe/checkedout/FirefoxSource192/obj-xulrunner/dist/xulrunner-sdk/include/nsStringAPI.h:383: error: previous definition of ‘class nsACString’
In file included from /home/gmbecker/gabe/checkedout/FirefoxSource192/obj-xulrunner/dist/xulrunner-sdk/include/nsAString.h:69,
                 from /home/gmbecker/gabe/checkedout/FirefoxSource192/obj-xulrunner/dist/xulrunner-sdk/include/nsContentUtils.h:47,
                 from Revaluator.cpp:27:
/home/gmbecker/gabe/checkedout/FirefoxSource192/obj-xulrunner/dist/xulrunner-sdk/include/nsTSubstring.h:691: error: expected unqualified-id before ‘&’ token
/home/gmbecker/gabe/checkedout/FirefoxSource192/obj-xulrunner/dist/xulrunner-sdk/include/nsTSubstring.h:691: error: expected ‘)’ before ‘&’ token
/home/gmbecker/gabe/checkedout/FirefoxSource192/obj-xulrunner/dist/xulrunner-sdk/include/nsTSubstring.h:691: error: expected initializer before ‘&’ token
/home/gmbecker/gabe/checkedout/FirefoxSource192/obj-xulrunner/dist/xulrunner-sdk/include/nsTSubstring.h:695: error: expected unqualified-id before ‘&’ token
/home/gmbecker/gabe/checkedout/FirefoxSource192/obj-xulrunner/dist/xulrunner-sdk/include/nsTSubstring.h:695: error: expected ‘)’ before ‘&’ token
/home/gmbecker/gabe/checkedout/FirefoxSource192/obj-xulrunner/dist/xulrunner-sdk/include/nsTSubstring.h:695: error: expected initializer before ‘&’ token
/home/gmbecker/gabe/checkedout/FirefoxSource192/obj-xulrunner/dist/xulrunner-sdk/include/nsTSubstring.h:701: error: expected unqualified-id before ‘&’ token
/home/gmbecker/gabe/checkedout/FirefoxSource192/obj-xulrunner/dist/xulrunner-sdk/include/nsTSubstring.h:701: error: expected ‘)’ before ‘&’ token
/home/gmbecker/gabe/checkedout/FirefoxSource192/obj-xulrunner/dist/xulrunner-sdk/include/nsTSubstring.h:701: error: expected initializer before ‘&’ token
/home/gmbecker/gabe/checkedout/FirefoxSource192/obj-xulrunner/dist/xulrunner-sdk/include/nsTSubstring.h:707: error: expected unqualified-id before ‘&’ token
/home/gmbecker/gabe/checkedout/FirefoxSource192/obj-xulrunner/dist/xulrunner-sdk/include/nsTSubstring.h:707: error: expected ‘)’ before ‘&’ token
/home/gmbecker/gabe/checkedout/FirefoxSource192/obj-xulrunner/dist/xulrunner-sdk/include/nsTSubstring.h:707: error: expected initializer before ‘&’ token
/home/gmbecker/gabe/checkedout/FirefoxSource192/obj-xulrunner/dist/xulrunner-sdk/include/nsTSubstring.h:713: error: expected unqualified-id before ‘&’ token
/home/gmbecker/gabe/checkedout/FirefoxSource192/obj-xulrunner/dist/xulrunner-sdk/include/nsTSubstring.h:713: error: expected ‘)’ before ‘&’ token
/home/gmbecker/gabe/checkedout/FirefoxSource192/obj-xulrunner/dist/xulrunner-sdk/include/nsTSubstring.h:713: error: expected initializer before ‘&’ token
/home/gmbecker/gabe/checkedout/FirefoxSource192/obj-xulrunner/dist/xulrunner-sdk/include/nsTSubstring.h:719: error: expected unqualified-id before ‘&’ token
/home/gmbecker/gabe/checkedout/FirefoxSource192/obj-xulrunner/dist/xulrunner-sdk/include/nsTSubstring.h:719: error: expected ‘)’ before ‘&’ token
/home/gmbecker/gabe/checkedout/FirefoxSource192/obj-xulrunner/dist/xulrunner-sdk/include/nsTSubstring.h:719: error: expected initializer before ‘&’ token
/home/gmbecker/gabe/checkedout/FirefoxSource192/obj-xulrunner/dist/xulrunner-sdk/include/nsTSubstring.h:725: error: expected unqualified-id before ‘&’ token
/home/gmbecker/gabe/checkedout/FirefoxSource192/obj-xulrunner/dist/xulrunner-sdk/include/nsTSubstring.h:725: error: expected ‘)’ before ‘&’ token
/home/gmbecker/gabe/checkedout/FirefoxSource192/obj-xulrunner/dist/xulrunner-sdk/include/nsTSubstring.h:725: error: expected initializer before ‘&’ token
In file included from /home/gmbecker/gabe/checkedout/FirefoxSource192/obj-xulrunner/dist/xulrunner-sdk/include/nsDependentSubstring.h:48,
                 from /home/gmbecker/gabe/checkedout/FirefoxSource192/obj-xulrunner/dist/xulrunner-sdk/include/nsString.h:48,
                 from /home/gmbecker/gabe/checkedout/FirefoxSource192/obj-xulrunner/dist/xulrunner-sdk/include/nsContentList.h:49,
                 from /home/gmbecker/gabe/checkedout/FirefoxSource192/obj-xulrunner/dist/xulrunner-sdk/include/nsContentUtils.h:52,
                 from Revaluator.cpp:27:
/home/gmbecker/gabe/checkedout/FirefoxSource192/obj-xulrunner/dist/xulrunner-sdk/include/nsTDependentSubstring.h:52: error: redefinition of ‘class nsDependentSubstring_external’
/home/gmbecker/gabe/checkedout/FirefoxSource192/obj-xulrunner/dist/xulrunner-sdk/include/nsStringAPI.h:1177: error: previous definition of ‘class nsDependentSubstring_external’
/home/gmbecker/gabe/checkedout/FirefoxSource192/obj-xulrunner/dist/xulrunner-sdk/include/nsTDependentSubstring.h: In function ‘const nsDependentSubstring_external Substring(const nsAString&, PRUint32, PRUint32)’:
/home/gmbecker/gabe/checkedout/FirefoxSource192/obj-xulrunner/dist/xulrunner-sdk/include/nsTDependentSubstring.h:89: error: redefinition of ‘const nsDependentSubstring_external Substring(const nsAString&, PRUint32, PRUint32)’
/home/gmbecker/gabe/checkedout/FirefoxSource192/obj-xulrunner/dist/xulrunner-sdk/include/nsStringAPI.h:1269: error: ‘const nsDependentSubstring_external Substring(const nsAString&, PRUint32, PRUint32)’ previously defined here
/home/gmbecker/gabe/checkedout/FirefoxSource192/obj-xulrunner/dist/xulrunner-sdk/include/nsTDependentSubstring.h: In function ‘const nsDependentSubstring_external Substring(const nsReadingIterator<short unsigned int>&, const nsReadingIterator<short unsigned int>&)’:
/home/gmbecker/gabe/checkedout/FirefoxSource192/obj-xulrunner/dist/xulrunner-sdk/include/nsTDependentSubstring.h:98: error: invalid conversion from ‘const short unsigned int*’ to ‘PRUint32’
/home/gmbecker/gabe/checkedout/FirefoxSource192/obj-xulrunner/dist/xulrunner-sdk/include/nsTDependentSubstring.h:98: error:   initializing argument 2 of ‘nsDependentSubstring_external::nsDependentSubstring_external(const PRUnichar*, PRUint32)’
/home/gmbecker/gabe/checkedout/FirefoxSource192/obj-xulrunner/dist/xulrunner-sdk/include/nsTDependentSubstring.h: In function ‘const nsDependentSubstring_external Substring(const PRUnichar*, const PRUnichar*)’:
/home/gmbecker/gabe/checkedout/FirefoxSource192/obj-xulrunner/dist/xulrunner-sdk/include/nsTDependentSubstring.h:103: error: redefinition of ‘const nsDependentSubstring_external Substring(const PRUnichar*, const PRUnichar*)’
/home/gmbecker/gabe/checkedout/FirefoxSource192/obj-xulrunner/dist/xulrunner-sdk/include/nsStringAPI.h:1275: error: ‘const nsDependentSubstring_external Substring(const PRUnichar*, const PRUnichar*)’ previously defined here
/home/gmbecker/gabe/checkedout/FirefoxSource192/obj-xulrunner/dist/xulrunner-sdk/include/nsTDependentSubstring.h:105: error: invalid conversion from ‘const PRUnichar*’ to ‘PRUint32’
/home/gmbecker/gabe/checkedout/FirefoxSource192/obj-xulrunner/dist/xulrunner-sdk/include/nsTDependentSubstring.h:105: error:   initializing argument 2 of ‘nsDependentSubstring_external::nsDependentSubstring_external(const PRUnichar*, PRUint32)’
/home/gmbecker/gabe/checkedout/FirefoxSource192/obj-xulrunner/dist/xulrunner-sdk/include/nsTDependentSubstring.h: In function ‘const nsDependentSubstring_external StringHead(const nsAString&, PRUint32)’:
/home/gmbecker/gabe/checkedout/FirefoxSource192/obj-xulrunner/dist/xulrunner-sdk/include/nsTDependentSubstring.h:110: error: redefinition of ‘const nsDependentSubstring_external StringHead(const nsAString&, PRUint32)’
/home/gmbecker/gabe/checkedout/FirefoxSource192/obj-xulrunner/dist/xulrunner-sdk/include/nsStringAPI.h:1287: error: ‘const nsDependentSubstring_external StringHead(const nsAString&, PRUint32)’ previously defined here
/home/gmbecker/gabe/checkedout/FirefoxSource192/obj-xulrunner/dist/xulrunner-sdk/include/nsTDependentSubstring.h: In function ‘const nsDependentSubstring_external StringTail(const nsAString&, PRUint32)’:
/home/gmbecker/gabe/checkedout/FirefoxSource192/obj-xulrunner/dist/xulrunner-sdk/include/nsTDependentSubstring.h:117: error: redefinition of ‘const nsDependentSubstring_external StringTail(const nsAString&, PRUint32)’
/home/gmbecker/gabe/checkedout/FirefoxSource192/obj-xulrunner/dist/xulrunner-sdk/include/nsStringAPI.h:1293: error: ‘const nsDependentSubstring_external StringTail(const nsAString&, PRUint32)’ previously defined here
In file included from /home/gmbecker/gabe/checkedout/FirefoxSource192/obj-xulrunner/dist/xulrunner-sdk/include/nsDependentSubstring.h:53,
                 from /home/gmbecker/gabe/checkedout/FirefoxSource192/obj-xulrunner/dist/xulrunner-sdk/include/nsString.h:48,
                 from /home/gmbecker/gabe/checkedout/FirefoxSource192/obj-xulrunner/dist/xulrunner-sdk/include/nsContentList.h:49,
                 from /home/gmbecker/gabe/checkedout/FirefoxSource192/obj-xulrunner/dist/xulrunner-sdk/include/nsContentUtils.h:52,
                 from Revaluator.cpp:27:
/home/gmbecker/gabe/checkedout/FirefoxSource192/obj-xulrunner/dist/xulrunner-sdk/include/nsTDependentSubstring.h: At global scope:
/home/gmbecker/gabe/checkedout/FirefoxSource192/obj-xulrunner/dist/xulrunner-sdk/include/nsTDependentSubstring.h:52: error: redefinition of ‘class nsDependentCSubstring_external’
/home/gmbecker/gabe/checkedout/FirefoxSource192/obj-xulrunner/dist/xulrunner-sdk/include/nsStringAPI.h:1217: error: previous definition of ‘class nsDependentCSubstring_external’
/home/gmbecker/gabe/checkedout/FirefoxSource192/obj-xulrunner/dist/xulrunner-sdk/include/nsTDependentSubstring.h: In function ‘const nsDependentCSubstring_external Substring(const nsACString&, PRUint32, PRUint32)’:
/home/gmbecker/gabe/checkedout/FirefoxSource192/obj-xulrunner/dist/xulrunner-sdk/include/nsTDependentSubstring.h:89: error: redefinition of ‘const nsDependentCSubstring_external Substring(const nsACString&, PRUint32, PRUint32)’
/home/gmbecker/gabe/checkedout/FirefoxSource192/obj-xulrunner/dist/xulrunner-sdk/include/nsStringAPI.h:1306: error: ‘const nsDependentCSubstring_external Substring(const nsACString&, PRUint32, PRUint32)’ previously defined here
/home/gmbecker/gabe/checkedout/FirefoxSource192/obj-xulrunner/dist/xulrunner-sdk/include/nsTDependentSubstring.h: In function ‘const nsDependentCSubstring_external Substring(const nsReadingIterator<char>&, const nsReadingIterator<char>&)’:
/home/gmbecker/gabe/checkedout/FirefoxSource192/obj-xulrunner/dist/xulrunner-sdk/include/nsTDependentSubstring.h:98: error: invalid conversion from ‘const char*’ to ‘PRUint32’
/home/gmbecker/gabe/checkedout/FirefoxSource192/obj-xulrunner/dist/xulrunner-sdk/include/nsTDependentSubstring.h:98: error:   initializing argument 2 of ‘nsDependentCSubstring_external::nsDependentCSubstring_external(const char*, PRUint32)’
/home/gmbecker/gabe/checkedout/FirefoxSource192/obj-xulrunner/dist/xulrunner-sdk/include/nsTDependentSubstring.h: In function ‘const nsDependentCSubstring_external Substring(const char*, const char*)’:
/home/gmbecker/gabe/checkedout/FirefoxSource192/obj-xulrunner/dist/xulrunner-sdk/include/nsTDependentSubstring.h:103: error: redefinition of ‘const nsDependentCSubstring_external Substring(const char*, const char*)’
/home/gmbecker/gabe/checkedout/FirefoxSource192/obj-xulrunner/dist/xulrunner-sdk/include/nsStringAPI.h:1313: error: ‘const nsDependentCSubstring_external Substring(const char*, const char*)’ previously defined here
/home/gmbecker/gabe/checkedout/FirefoxSource192/obj-xulrunner/dist/xulrunner-sdk/include/nsTDependentSubstring.h:105: error: invalid conversion from ‘const char*’ to ‘PRUint32’
/home/gmbecker/gabe/checkedout/FirefoxSource192/obj-xulrunner/dist/xulrunner-sdk/include/nsTDependentSubstring.h:105: error:   initializing argument 2 of ‘nsDependentCSubstring_external::nsDependentCSubstring_external(const char*, PRUint32)’
/home/gmbecker/gabe/checkedout/FirefoxSource192/obj-xulrunner/dist/xulrunner-sdk/include/nsTDependentSubstring.h: In function ‘const nsDependentCSubstring_external StringHead(const nsACString&, PRUint32)’:
/home/gmbecker/gabe/checkedout/FirefoxSource192/obj-xulrunner/dist/xulrunner-sdk/include/nsTDependentSubstring.h:110: error: redefinition of ‘const nsDependentCSubstring_external StringHead(const nsACString&, PRUint32)’
/home/gmbecker/gabe/checkedout/FirefoxSource192/obj-xulrunner/dist/xulrunner-sdk/include/nsStringAPI.h:1326: error: ‘const nsDependentCSubstring_external StringHead(const nsACString&, PRUint32)’ previously defined here
/home/gmbecker/gabe/checkedout/FirefoxSource192/obj-xulrunner/dist/xulrunner-sdk/include/nsTDependentSubstring.h: In function ‘const nsDependentCSubstring_external StringTail(const nsACString&, PRUint32)’:
/home/gmbecker/gabe/checkedout/FirefoxSource192/obj-xulrunner/dist/xulrunner-sdk/include/nsTDependentSubstring.h:117: error: redefinition of ‘const nsDependentCSubstring_external StringTail(const nsACString&, PRUint32)’
/home/gmbecker/gabe/checkedout/FirefoxSource192/obj-xulrunner/dist/xulrunner-sdk/include/nsStringAPI.h:1332: error: ‘const nsDependentCSubstring_external StringTail(const nsACString&, PRUint32)’ previously defined here
In file included from /home/gmbecker/gabe/checkedout/FirefoxSource192/obj-xulrunner/dist/xulrunner-sdk/include/nsString.h:52,
                 from /home/gmbecker/gabe/checkedout/FirefoxSource192/obj-xulrunner/dist/xulrunner-sdk/include/nsContentList.h:49,
                 from /home/gmbecker/gabe/checkedout/FirefoxSource192/obj-xulrunner/dist/xulrunner-sdk/include/nsContentUtils.h:52,
                 from Revaluator.cpp:27:
/home/gmbecker/gabe/checkedout/FirefoxSource192/obj-xulrunner/dist/xulrunner-sdk/include/nsReadableUtils.h: At global scope:
/home/gmbecker/gabe/checkedout/FirefoxSource192/obj-xulrunner/dist/xulrunner-sdk/include/nsReadableUtils.h:203: error: expected unqualified-id before ‘&’ token
/home/gmbecker/gabe/checkedout/FirefoxSource192/obj-xulrunner/dist/xulrunner-sdk/include/nsReadableUtils.h:203: error: expected ‘)’ before ‘&’ token
/home/gmbecker/gabe/checkedout/FirefoxSource192/obj-xulrunner/dist/xulrunner-sdk/include/nsReadableUtils.h:203: error: expected initializer before ‘&’ token
/home/gmbecker/gabe/checkedout/FirefoxSource192/obj-xulrunner/dist/xulrunner-sdk/include/nsReadableUtils.h:217: error: expected unqualified-id before ‘&’ token
/home/gmbecker/gabe/checkedout/FirefoxSource192/obj-xulrunner/dist/xulrunner-sdk/include/nsReadableUtils.h:217: error: expected ‘)’ before ‘&’ token
/home/gmbecker/gabe/checkedout/FirefoxSource192/obj-xulrunner/dist/xulrunner-sdk/include/nsReadableUtils.h:217: error: expected initializer before ‘&’ token
/home/gmbecker/gabe/checkedout/FirefoxSource192/obj-xulrunner/dist/xulrunner-sdk/include/nsReadableUtils.h:262: error: new declaration ‘void ToUpperCase(nsACString&)’
/home/gmbecker/gabe/checkedout/FirefoxSource192/obj-xulrunner/dist/xulrunner-sdk/include/nsStringAPI.h:1388: error: ambiguates old declaration ‘PRUint32 ToUpperCase(nsACString&)’
/home/gmbecker/gabe/checkedout/FirefoxSource192/obj-xulrunner/dist/xulrunner-sdk/include/nsReadableUtils.h:264: error: new declaration ‘void ToLowerCase(nsACString&)’
/home/gmbecker/gabe/checkedout/FirefoxSource192/obj-xulrunner/dist/xulrunner-sdk/include/nsStringAPI.h:1385: error: ambiguates old declaration ‘PRUint32 ToLowerCase(nsACString&)’
/home/gmbecker/gabe/checkedout/FirefoxSource192/obj-xulrunner/dist/xulrunner-sdk/include/nsReadableUtils.h:266: error: new declaration ‘void ToUpperCase(nsCSubstring&)’
/home/gmbecker/gabe/checkedout/FirefoxSource192/obj-xulrunner/dist/xulrunner-sdk/include/nsStringAPI.h:1388: error: ambiguates old declaration ‘PRUint32 ToUpperCase(nsACString&)’
/home/gmbecker/gabe/checkedout/FirefoxSource192/obj-xulrunner/dist/xulrunner-sdk/include/nsReadableUtils.h:268: error: new declaration ‘void ToLowerCase(nsCSubstring&)’
/home/gmbecker/gabe/checkedout/FirefoxSource192/obj-xulrunner/dist/xulrunner-sdk/include/nsStringAPI.h:1385: error: ambiguates old declaration ‘PRUint32 ToLowerCase(nsACString&)’
/home/gmbecker/gabe/checkedout/FirefoxSource192/obj-xulrunner/dist/xulrunner-sdk/include/nsReadableUtils.h:273: error: new declaration ‘void ToUpperCase(const nsACString&, nsACString&)’
/home/gmbecker/gabe/checkedout/FirefoxSource192/obj-xulrunner/dist/xulrunner-sdk/include/nsStringAPI.h:1394: error: ambiguates old declaration ‘PRUint32 ToUpperCase(const nsACString&, nsACString&)’
/home/gmbecker/gabe/checkedout/FirefoxSource192/obj-xulrunner/dist/xulrunner-sdk/include/nsReadableUtils.h:275: error: new declaration ‘void ToLowerCase(const nsACString&, nsACString&)’
/home/gmbecker/gabe/checkedout/FirefoxSource192/obj-xulrunner/dist/xulrunner-sdk/include/nsStringAPI.h:1391: error: ambiguates old declaration ‘PRUint32 ToLowerCase(const nsACString&, nsACString&)’
/home/gmbecker/gabe/checkedout/FirefoxSource192/obj-xulrunner/dist/xulrunner-sdk/include/nsReadableUtils.h:287: error: ‘nsAString::const_iterator’ has not been declared
/home/gmbecker/gabe/checkedout/FirefoxSource192/obj-xulrunner/dist/xulrunner-sdk/include/nsReadableUtils.h:287: error: ‘nsAString::const_iterator’ has not been declared
/home/gmbecker/gabe/checkedout/FirefoxSource192/obj-xulrunner/dist/xulrunner-sdk/include/nsReadableUtils.h:288: error: ‘nsACString::const_iterator’ has not been declared
/home/gmbecker/gabe/checkedout/FirefoxSource192/obj-xulrunner/dist/xulrunner-sdk/include/nsReadableUtils.h:288: error: ‘nsACString::const_iterator’ has not been declared
/home/gmbecker/gabe/checkedout/FirefoxSource192/obj-xulrunner/dist/xulrunner-sdk/include/nsReadableUtils.h: In function ‘PRBool FindInReadable(const nsAString&, const nsAString&, const nsStringComparator&)’:
/home/gmbecker/gabe/checkedout/FirefoxSource192/obj-xulrunner/dist/xulrunner-sdk/include/nsReadableUtils.h:294: error: ‘const_iterator’ is not a member of ‘nsAString’
/home/gmbecker/gabe/checkedout/FirefoxSource192/obj-xulrunner/dist/xulrunner-sdk/include/nsReadableUtils.h:294: error: expected ‘;’ before ‘start’
/home/gmbecker/gabe/checkedout/FirefoxSource192/obj-xulrunner/dist/xulrunner-sdk/include/nsReadableUtils.h:295: error: ‘start’ was not declared in this scope
/home/gmbecker/gabe/checkedout/FirefoxSource192/obj-xulrunner/dist/xulrunner-sdk/include/nsReadableUtils.h:296: error: ‘end’ was not declared in this scope
/home/gmbecker/gabe/checkedout/FirefoxSource192/obj-xulrunner/dist/xulrunner-sdk/include/nsReadableUtils.h: In function ‘PRBool FindInReadable(const nsACString&, const nsACString&, const nsCStringComparator&)’:
/home/gmbecker/gabe/checkedout/FirefoxSource192/obj-xulrunner/dist/xulrunner-sdk/include/nsReadableUtils.h:302: error: ‘const_iterator’ is not a member of ‘nsACString’
/home/gmbecker/gabe/checkedout/FirefoxSource192/obj-xulrunner/dist/xulrunner-sdk/include/nsReadableUtils.h:302: error: expected ‘;’ before ‘start’
/home/gmbecker/gabe/checkedout/FirefoxSource192/obj-xulrunner/dist/xulrunner-sdk/include/nsReadableUtils.h:303: error: ‘start’ was not declared in this scope
/home/gmbecker/gabe/checkedout/FirefoxSource192/obj-xulrunner/dist/xulrunner-sdk/include/nsReadableUtils.h:304: error: ‘end’ was not declared in this scope
/home/gmbecker/gabe/checkedout/FirefoxSource192/obj-xulrunner/dist/xulrunner-sdk/include/nsReadableUtils.h: At global scope:
/home/gmbecker/gabe/checkedout/FirefoxSource192/obj-xulrunner/dist/xulrunner-sdk/include/nsReadableUtils.h:309: error: ‘nsACString::const_iterator’ has not been declared
/home/gmbecker/gabe/checkedout/FirefoxSource192/obj-xulrunner/dist/xulrunner-sdk/include/nsReadableUtils.h:309: error: ‘nsACString::const_iterator’ has not been declared
/home/gmbecker/gabe/checkedout/FirefoxSource192/obj-xulrunner/dist/xulrunner-sdk/include/nsReadableUtils.h:317: error: ‘nsAString::const_iterator’ has not been declared
/home/gmbecker/gabe/checkedout/FirefoxSource192/obj-xulrunner/dist/xulrunner-sdk/include/nsReadableUtils.h:317: error: ‘nsAString::const_iterator’ has not been declared
/home/gmbecker/gabe/checkedout/FirefoxSource192/obj-xulrunner/dist/xulrunner-sdk/include/nsReadableUtils.h:318: error: ‘nsACString::const_iterator’ has not been declared
/home/gmbecker/gabe/checkedout/FirefoxSource192/obj-xulrunner/dist/xulrunner-sdk/include/nsReadableUtils.h:318: error: ‘nsACString::const_iterator’ has not been declared
/home/gmbecker/gabe/checkedout/FirefoxSource192/obj-xulrunner/dist/xulrunner-sdk/include/nsReadableUtils.h:328: error: ‘nsAString::const_iterator’ has not been declared
/home/gmbecker/gabe/checkedout/FirefoxSource192/obj-xulrunner/dist/xulrunner-sdk/include/nsReadableUtils.h:328: error: expected unqualified-id before ‘&’ token
/home/gmbecker/gabe/checkedout/FirefoxSource192/obj-xulrunner/dist/xulrunner-sdk/include/nsReadableUtils.h:328: error: expected ‘)’ before ‘&’ token
/home/gmbecker/gabe/checkedout/FirefoxSource192/obj-xulrunner/dist/xulrunner-sdk/include/nsReadableUtils.h:328: error: expected initializer before ‘&’ token
/home/gmbecker/gabe/checkedout/FirefoxSource192/obj-xulrunner/dist/xulrunner-sdk/include/nsReadableUtils.h:329: error: ‘nsACString::const_iterator’ has not been declared
/home/gmbecker/gabe/checkedout/FirefoxSource192/obj-xulrunner/dist/xulrunner-sdk/include/nsReadableUtils.h:329: error: expected unqualified-id before ‘&’ token
/home/gmbecker/gabe/checkedout/FirefoxSource192/obj-xulrunner/dist/xulrunner-sdk/include/nsReadableUtils.h:329: error: expected ‘)’ before ‘&’ token
/home/gmbecker/gabe/checkedout/FirefoxSource192/obj-xulrunner/dist/xulrunner-sdk/include/nsReadableUtils.h:329: error: expected initializer before ‘&’ token
In file included from /home/gmbecker/gabe/checkedout/FirefoxSource192/obj-xulrunner/dist/xulrunner-sdk/include/nsString.h:74,
                 from /home/gmbecker/gabe/checkedout/FirefoxSource192/obj-xulrunner/dist/xulrunner-sdk/include/nsContentList.h:49,
                 from /home/gmbecker/gabe/checkedout/FirefoxSource192/obj-xulrunner/dist/xulrunner-sdk/include/nsContentUtils.h:52,
                 from Revaluator.cpp:27:
/home/gmbecker/gabe/checkedout/FirefoxSource192/obj-xulrunner/dist/xulrunner-sdk/include/nsTString.h:54: error: redefinition of ‘class nsString_external’
/home/gmbecker/gabe/checkedout/FirefoxSource192/obj-xulrunner/dist/xulrunner-sdk/include/nsStringAPI.h:753: error: previous definition of ‘class nsString_external’
In file included from /home/gmbecker/gabe/checkedout/FirefoxSource192/obj-xulrunner/dist/xulrunner-sdk/include/nsString.h:74,
                 from /home/gmbecker/gabe/checkedout/FirefoxSource192/obj-xulrunner/dist/xulrunner-sdk/include/nsContentList.h:49,
                 from /home/gmbecker/gabe/checkedout/FirefoxSource192/obj-xulrunner/dist/xulrunner-sdk/include/nsContentUtils.h:52,
                 from Revaluator.cpp:27:
/home/gmbecker/gabe/checkedout/FirefoxSource192/obj-xulrunner/dist/xulrunner-sdk/include/nsTString.h:454: error: ISO C++ forbids declaration of ‘substring_type’ with no type
/home/gmbecker/gabe/checkedout/FirefoxSource192/obj-xulrunner/dist/xulrunner-sdk/include/nsTString.h:454: error: expected ‘,’ or ‘...’ before ‘&’ token
/home/gmbecker/gabe/checkedout/FirefoxSource192/obj-xulrunner/dist/xulrunner-sdk/include/nsTString.h:455: error: ISO C++ forbids declaration of ‘substring_tuple_type’ with no type
/home/gmbecker/gabe/checkedout/FirefoxSource192/obj-xulrunner/dist/xulrunner-sdk/include/nsTString.h:455: error: expected ‘,’ or ‘...’ before ‘&’ token
/home/gmbecker/gabe/checkedout/FirefoxSource192/obj-xulrunner/dist/xulrunner-sdk/include/nsTString.h:455: error: ‘nsFixedString& nsFixedString::operator=(int)’ cannot be overloaded
/home/gmbecker/gabe/checkedout/FirefoxSource192/obj-xulrunner/dist/xulrunner-sdk/include/nsTString.h:454: error: with ‘nsFixedString& nsFixedString::operator=(int)’
/home/gmbecker/gabe/checkedout/FirefoxSource192/obj-xulrunner/dist/xulrunner-sdk/include/nsTString.h: In member function ‘nsFixedString& nsFixedString::operator=(int)’:
/home/gmbecker/gabe/checkedout/FirefoxSource192/obj-xulrunner/dist/xulrunner-sdk/include/nsTString.h:454: error: ‘str’ was not declared in this scope
/home/gmbecker/gabe/checkedout/FirefoxSource192/obj-xulrunner/dist/xulrunner-sdk/include/nsTString.h: In member function ‘nsFixedString& nsFixedString::operator=(int)’:
/home/gmbecker/gabe/checkedout/FirefoxSource192/obj-xulrunner/dist/xulrunner-sdk/include/nsTString.h:455: error: ‘tuple’ was not declared in this scope
/home/gmbecker/gabe/checkedout/FirefoxSource192/obj-xulrunner/dist/xulrunner-sdk/include/nsTString.h: At global scope:
/home/gmbecker/gabe/checkedout/FirefoxSource192/obj-xulrunner/dist/xulrunner-sdk/include/nsTString.h:478: error: using typedef-name ‘nsAutoString’ after ‘class’
/home/gmbecker/gabe/checkedout/FirefoxSource192/obj-xulrunner/dist/xulrunner-sdk/include/nsStringAPI.h:1425: error: ‘nsAutoString’ has a previous declaration here
/home/gmbecker/gabe/checkedout/FirefoxSource192/obj-xulrunner/dist/xulrunner-sdk/include/nsTString.h:555: error: type/value mismatch at argument 1 in template parameter list for ‘template<class A> struct nsTArrayElementTraits<nsString_external>::Instead_Use_nsTArray_of’
/home/gmbecker/gabe/checkedout/FirefoxSource192/obj-xulrunner/dist/xulrunner-sdk/include/nsTString.h:555: error:   expected a type, got ‘nsString_external’
/home/gmbecker/gabe/checkedout/FirefoxSource192/obj-xulrunner/dist/xulrunner-sdk/include/nsTString.h:560: error: type/value mismatch at argument 1 in template parameter list for ‘template<class A> struct nsTArrayElementTraits<nsString_external>::Instead_Use_nsTArray_of’
/home/gmbecker/gabe/checkedout/FirefoxSource192/obj-xulrunner/dist/xulrunner-sdk/include/nsTString.h:560: error:   expected a type, got ‘nsString_external’
/home/gmbecker/gabe/checkedout/FirefoxSource192/obj-xulrunner/dist/xulrunner-sdk/include/nsTString.h:565: error: type/value mismatch at argument 1 in template parameter list for ‘template<class A> struct nsTArrayElementTraits<nsString_external>::Instead_Use_nsTArray_of’
/home/gmbecker/gabe/checkedout/FirefoxSource192/obj-xulrunner/dist/xulrunner-sdk/include/nsTString.h:565: error:   expected a type, got ‘nsString_external’
/home/gmbecker/gabe/checkedout/FirefoxSource192/obj-xulrunner/dist/xulrunner-sdk/include/nsTString.h:623: error: ISO C++ forbids declaration of ‘substring_type’ with no type
/home/gmbecker/gabe/checkedout/FirefoxSource192/obj-xulrunner/dist/xulrunner-sdk/include/nsTString.h:623: error: expected ‘,’ or ‘...’ before ‘&’ token
/home/gmbecker/gabe/checkedout/FirefoxSource192/obj-xulrunner/dist/xulrunner-sdk/include/nsTString.h:624: error: ISO C++ forbids declaration of ‘substring_tuple_type’ with no type
/home/gmbecker/gabe/checkedout/FirefoxSource192/obj-xulrunner/dist/xulrunner-sdk/include/nsTString.h:624: error: expected ‘,’ or ‘...’ before ‘&’ token
/home/gmbecker/gabe/checkedout/FirefoxSource192/obj-xulrunner/dist/xulrunner-sdk/include/nsTString.h:624: error: ‘nsXPIDLString& nsXPIDLString::operator=(int)’ cannot be overloaded
/home/gmbecker/gabe/checkedout/FirefoxSource192/obj-xulrunner/dist/xulrunner-sdk/include/nsTString.h:623: error: with ‘nsXPIDLString& nsXPIDLString::operator=(int)’
/home/gmbecker/gabe/checkedout/FirefoxSource192/obj-xulrunner/dist/xulrunner-sdk/include/nsTString.h: In constructor ‘nsXPIDLString::nsXPIDLString()’:
/home/gmbecker/gabe/checkedout/FirefoxSource192/obj-xulrunner/dist/xulrunner-sdk/include/nsTString.h:591: error: class ‘nsXPIDLString’ does not have any field named ‘string_type’
/home/gmbecker/gabe/checkedout/FirefoxSource192/obj-xulrunner/dist/xulrunner-sdk/include/nsTString.h:591: error: ‘char_traits’ has not been declared
/home/gmbecker/gabe/checkedout/FirefoxSource192/obj-xulrunner/dist/xulrunner-sdk/include/nsTString.h:591: error: ‘F_TERMINATED’ was not declared in this scope
/home/gmbecker/gabe/checkedout/FirefoxSource192/obj-xulrunner/dist/xulrunner-sdk/include/nsTString.h:591: error: ‘F_VOIDED’ was not declared in this scope
/home/gmbecker/gabe/checkedout/FirefoxSource192/obj-xulrunner/dist/xulrunner-sdk/include/nsTString.h: In copy constructor ‘nsXPIDLString::nsXPIDLString(const nsXPIDLString&)’:
/home/gmbecker/gabe/checkedout/FirefoxSource192/obj-xulrunner/dist/xulrunner-sdk/include/nsTString.h:595: error: class ‘nsXPIDLString’ does not have any field named ‘string_type’
/home/gmbecker/gabe/checkedout/FirefoxSource192/obj-xulrunner/dist/xulrunner-sdk/include/nsTString.h:595: error: ‘char_traits’ has not been declared
/home/gmbecker/gabe/checkedout/FirefoxSource192/obj-xulrunner/dist/xulrunner-sdk/include/nsTString.h:595: error: ‘F_TERMINATED’ was not declared in this scope
/home/gmbecker/gabe/checkedout/FirefoxSource192/obj-xulrunner/dist/xulrunner-sdk/include/nsTString.h:595: error: ‘F_VOIDED’ was not declared in this scope
/home/gmbecker/gabe/checkedout/FirefoxSource192/obj-xulrunner/dist/xulrunner-sdk/include/nsTString.h: In member function ‘const PRUnichar* nsXPIDLString::get() const’:
/home/gmbecker/gabe/checkedout/FirefoxSource192/obj-xulrunner/dist/xulrunner-sdk/include/nsTString.h:603: error: ‘mFlags’ was not declared in this scope
/home/gmbecker/gabe/checkedout/FirefoxSource192/obj-xulrunner/dist/xulrunner-sdk/include/nsTString.h:603: error: ‘F_VOIDED’ was not declared in this scope
/home/gmbecker/gabe/checkedout/FirefoxSource192/obj-xulrunner/dist/xulrunner-sdk/include/nsTString.h:603: error: ‘mData’ was not declared in this scope
/home/gmbecker/gabe/checkedout/FirefoxSource192/obj-xulrunner/dist/xulrunner-sdk/include/nsTString.h: In member function ‘nsXPIDLString& nsXPIDLString::operator=(int)’:
/home/gmbecker/gabe/checkedout/FirefoxSource192/obj-xulrunner/dist/xulrunner-sdk/include/nsTString.h:623: error: ‘str’ was not declared in this scope
/home/gmbecker/gabe/checkedout/FirefoxSource192/obj-xulrunner/dist/xulrunner-sdk/include/nsTString.h: In member function ‘nsXPIDLString& nsXPIDLString::operator=(int)’:
/home/gmbecker/gabe/checkedout/FirefoxSource192/obj-xulrunner/dist/xulrunner-sdk/include/nsTString.h:624: error: ‘tuple’ was not declared in this scope
/home/gmbecker/gabe/checkedout/FirefoxSource192/obj-xulrunner/dist/xulrunner-sdk/include/nsTString.h: At global scope:
/home/gmbecker/gabe/checkedout/FirefoxSource192/obj-xulrunner/dist/xulrunner-sdk/include/nsTString.h:640: error: redefinition of ‘class nsGetterCopies_external’
/home/gmbecker/gabe/checkedout/FirefoxSource192/obj-xulrunner/dist/xulrunner-sdk/include/nsStringAPI.h:1112: error: previous definition of ‘class nsGetterCopies_external’
/home/gmbecker/gabe/checkedout/FirefoxSource192/obj-xulrunner/dist/xulrunner-sdk/include/nsTString.h: In function ‘nsGetterCopies_external getter_Copies(nsAString&)’:
/home/gmbecker/gabe/checkedout/FirefoxSource192/obj-xulrunner/dist/xulrunner-sdk/include/nsTString.h:667: error: no matching function for call to ‘nsGetterCopies_external::nsGetterCopies_external(nsAString&)’
/home/gmbecker/gabe/checkedout/FirefoxSource192/obj-xulrunner/dist/xulrunner-sdk/include/nsStringAPI.h:1116: note: candidates are: nsGetterCopies_external::nsGetterCopies_external(nsString_external&)
/home/gmbecker/gabe/checkedout/FirefoxSource192/obj-xulrunner/dist/xulrunner-sdk/include/nsStringAPI.h:1112: note:                 nsGetterCopies_external::nsGetterCopies_external(const nsGetterCopies_external&)
/home/gmbecker/gabe/checkedout/FirefoxSource192/obj-xulrunner/dist/xulrunner-sdk/include/nsTString.h: At global scope:
/home/gmbecker/gabe/checkedout/FirefoxSource192/obj-xulrunner/dist/xulrunner-sdk/include/nsTString.h:703: error: ISO C++ forbids declaration of ‘substring_type’ with no type
/home/gmbecker/gabe/checkedout/FirefoxSource192/obj-xulrunner/dist/xulrunner-sdk/include/nsTString.h:703: error: expected ‘,’ or ‘...’ before ‘&’ token
/home/gmbecker/gabe/checkedout/FirefoxSource192/obj-xulrunner/dist/xulrunner-sdk/include/nsTString.h:704: error: ISO C++ forbids declaration of ‘substring_tuple_type’ with no type
/home/gmbecker/gabe/checkedout/FirefoxSource192/obj-xulrunner/dist/xulrunner-sdk/include/nsTString.h:704: error: expected ‘,’ or ‘...’ before ‘&’ token
/home/gmbecker/gabe/checkedout/FirefoxSource192/obj-xulrunner/dist/xulrunner-sdk/include/nsTString.h:704: error: ‘nsAdoptingString& nsAdoptingString::operator=(int)’ cannot be overloaded
/home/gmbecker/gabe/checkedout/FirefoxSource192/obj-xulrunner/dist/xulrunner-sdk/include/nsTString.h:703: error: with ‘nsAdoptingString& nsAdoptingString::operator=(int)’
/home/gmbecker/gabe/checkedout/FirefoxSource192/obj-xulrunner/dist/xulrunner-sdk/include/nsTString.h: In member function ‘nsAdoptingString& nsAdoptingString::operator=(int)’:
/home/gmbecker/gabe/checkedout/FirefoxSource192/obj-xulrunner/dist/xulrunner-sdk/include/nsTString.h:703: error: ‘str’ was not declared in this scope
/home/gmbecker/gabe/checkedout/FirefoxSource192/obj-xulrunner/dist/xulrunner-sdk/include/nsTString.h: In member function ‘nsAdoptingString& nsAdoptingString::operator=(int)’:
/home/gmbecker/gabe/checkedout/FirefoxSource192/obj-xulrunner/dist/xulrunner-sdk/include/nsTString.h:704: error: ‘tuple’ was not declared in this scope
In file included from /home/gmbecker/gabe/checkedout/FirefoxSource192/obj-xulrunner/dist/xulrunner-sdk/include/nsString.h:79,
                 from /home/gmbecker/gabe/checkedout/FirefoxSource192/obj-xulrunner/dist/xulrunner-sdk/include/nsContentList.h:49,
                 from /home/gmbecker/gabe/checkedout/FirefoxSource192/obj-xulrunner/dist/xulrunner-sdk/include/nsContentUtils.h:52,
                 from Revaluator.cpp:27:
/home/gmbecker/gabe/checkedout/FirefoxSource192/obj-xulrunner/dist/xulrunner-sdk/include/nsTString.h: At global scope:
/home/gmbecker/gabe/checkedout/FirefoxSource192/obj-xulrunner/dist/xulrunner-sdk/include/nsTString.h:54: error: redefinition of ‘class nsCString_external’
/home/gmbecker/gabe/checkedout/FirefoxSource192/obj-xulrunner/dist/xulrunner-sdk/include/nsStringAPI.h:813: error: previous definition of ‘class nsCString_external’
In file included from /home/gmbecker/gabe/checkedout/FirefoxSource192/obj-xulrunner/dist/xulrunner-sdk/include/nsString.h:79,
                 from /home/gmbecker/gabe/checkedout/FirefoxSource192/obj-xulrunner/dist/xulrunner-sdk/include/nsContentList.h:49,
                 from /home/gmbecker/gabe/checkedout/FirefoxSource192/obj-xulrunner/dist/xulrunner-sdk/include/nsContentUtils.h:52,
                 from Revaluator.cpp:27:
/home/gmbecker/gabe/checkedout/FirefoxSource192/obj-xulrunner/dist/xulrunner-sdk/include/nsTString.h:454: error: ISO C++ forbids declaration of ‘substring_type’ with no type
/home/gmbecker/gabe/checkedout/FirefoxSource192/obj-xulrunner/dist/xulrunner-sdk/include/nsTString.h:454: error: expected ‘,’ or ‘...’ before ‘&’ token
/home/gmbecker/gabe/checkedout/FirefoxSource192/obj-xulrunner/dist/xulrunner-sdk/include/nsTString.h:455: error: ISO C++ forbids declaration of ‘substring_tuple_type’ with no type
/home/gmbecker/gabe/checkedout/FirefoxSource192/obj-xulrunner/dist/xulrunner-sdk/include/nsTString.h:455: error: expected ‘,’ or ‘...’ before ‘&’ token
/home/gmbecker/gabe/checkedout/FirefoxSource192/obj-xulrunner/dist/xulrunner-sdk/include/nsTString.h:455: error: ‘nsFixedCString& nsFixedCString::operator=(int)’ cannot be overloaded
/home/gmbecker/gabe/checkedout/FirefoxSource192/obj-xulrunner/dist/xulrunner-sdk/include/nsTString.h:454: error: with ‘nsFixedCString& nsFixedCString::operator=(int)’
/home/gmbecker/gabe/checkedout/FirefoxSource192/obj-xulrunner/dist/xulrunner-sdk/include/nsTString.h: In member function ‘nsFixedCString& nsFixedCString::operator=(int)’:
/home/gmbecker/gabe/checkedout/FirefoxSource192/obj-xulrunner/dist/xulrunner-sdk/include/nsTString.h:454: error: ‘str’ was not declared in this scope
/home/gmbecker/gabe/checkedout/FirefoxSource192/obj-xulrunner/dist/xulrunner-sdk/include/nsTString.h: In member function ‘nsFixedCString& nsFixedCString::operator=(int)’:
/home/gmbecker/gabe/checkedout/FirefoxSource192/obj-xulrunner/dist/xulrunner-sdk/include/nsTString.h:455: error: ‘tuple’ was not declared in this scope
/home/gmbecker/gabe/checkedout/FirefoxSource192/obj-xulrunner/dist/xulrunner-sdk/include/nsTString.h: At global scope:
/home/gmbecker/gabe/checkedout/FirefoxSource192/obj-xulrunner/dist/xulrunner-sdk/include/nsTString.h:478: error: using typedef-name ‘nsCAutoString’ after ‘class’
/home/gmbecker/gabe/checkedout/FirefoxSource192/obj-xulrunner/dist/xulrunner-sdk/include/nsStringAPI.h:1424: error: ‘nsCAutoString’ has a previous declaration here
/home/gmbecker/gabe/checkedout/FirefoxSource192/obj-xulrunner/dist/xulrunner-sdk/include/nsTString.h:555: error: type/value mismatch at argument 1 in template parameter list for ‘template<class A> struct nsTArrayElementTraits<nsCString_external>::Instead_Use_nsTArray_of’
/home/gmbecker/gabe/checkedout/FirefoxSource192/obj-xulrunner/dist/xulrunner-sdk/include/nsTString.h:555: error:   expected a type, got ‘nsCString_external’
/home/gmbecker/gabe/checkedout/FirefoxSource192/obj-xulrunner/dist/xulrunner-sdk/include/nsTString.h:560: error: type/value mismatch at argument 1 in template parameter list for ‘template<class A> struct nsTArrayElementTraits<nsCString_external>::Instead_Use_nsTArray_of’
/home/gmbecker/gabe/checkedout/FirefoxSource192/obj-xulrunner/dist/xulrunner-sdk/include/nsTString.h:560: error:   expected a type, got ‘nsCString_external’
/home/gmbecker/gabe/checkedout/FirefoxSource192/obj-xulrunner/dist/xulrunner-sdk/include/nsTString.h:565: error: type/value mismatch at argument 1 in template parameter list for ‘template<class A> struct nsTArrayElementTraits<nsCString_external>::Instead_Use_nsTArray_of’
/home/gmbecker/gabe/checkedout/FirefoxSource192/obj-xulrunner/dist/xulrunner-sdk/include/nsTString.h:565: error:   expected a type, got ‘nsCString_external’
/home/gmbecker/gabe/checkedout/FirefoxSource192/obj-xulrunner/dist/xulrunner-sdk/include/nsTString.h:623: error: ISO C++ forbids declaration of ‘substring_type’ with no type
/home/gmbecker/gabe/checkedout/FirefoxSource192/obj-xulrunner/dist/xulrunner-sdk/include/nsTString.h:623: error: expected ‘,’ or ‘...’ before ‘&’ token
/home/gmbecker/gabe/checkedout/FirefoxSource192/obj-xulrunner/dist/xulrunner-sdk/include/nsTString.h:624: error: ISO C++ forbids declaration of ‘substring_tuple_type’ with no type
/home/gmbecker/gabe/checkedout/FirefoxSource192/obj-xulrunner/dist/xulrunner-sdk/include/nsTString.h:624: error: expected ‘,’ or ‘...’ before ‘&’ token
/home/gmbecker/gabe/checkedout/FirefoxSource192/obj-xulrunner/dist/xulrunner-sdk/include/nsTString.h:624: error: ‘nsXPIDLCString& nsXPIDLCString::operator=(int)’ cannot be overloaded
/home/gmbecker/gabe/checkedout/FirefoxSource192/obj-xulrunner/dist/xulrunner-sdk/include/nsTString.h:623: error: with ‘nsXPIDLCString& nsXPIDLCString::operator=(int)’
/home/gmbecker/gabe/checkedout/FirefoxSource192/obj-xulrunner/dist/xulrunner-sdk/include/nsTString.h: In constructor ‘nsXPIDLCString::nsXPIDLCString()’:
/home/gmbecker/gabe/checkedout/FirefoxSource192/obj-xulrunner/dist/xulrunner-sdk/include/nsTString.h:591: error: class ‘nsXPIDLCString’ does not have any field named ‘string_type’
/home/gmbecker/gabe/checkedout/FirefoxSource192/obj-xulrunner/dist/xulrunner-sdk/include/nsTString.h:591: error: ‘char_traits’ has not been declared
/home/gmbecker/gabe/checkedout/FirefoxSource192/obj-xulrunner/dist/xulrunner-sdk/include/nsTString.h:591: error: ‘F_TERMINATED’ was not declared in this scope
/home/gmbecker/gabe/checkedout/FirefoxSource192/obj-xulrunner/dist/xulrunner-sdk/include/nsTString.h:591: error: ‘F_VOIDED’ was not declared in this scope
/home/gmbecker/gabe/checkedout/FirefoxSource192/obj-xulrunner/dist/xulrunner-sdk/include/nsTString.h: In copy constructor ‘nsXPIDLCString::nsXPIDLCString(const nsXPIDLCString&)’:
/home/gmbecker/gabe/checkedout/FirefoxSource192/obj-xulrunner/dist/xulrunner-sdk/include/nsTString.h:595: error: class ‘nsXPIDLCString’ does not have any field named ‘string_type’
/home/gmbecker/gabe/checkedout/FirefoxSource192/obj-xulrunner/dist/xulrunner-sdk/include/nsTString.h:595: error: ‘char_traits’ has not been declared
/home/gmbecker/gabe/checkedout/FirefoxSource192/obj-xulrunner/dist/xulrunner-sdk/include/nsTString.h:595: error: ‘F_TERMINATED’ was not declared in this scope
/home/gmbecker/gabe/checkedout/FirefoxSource192/obj-xulrunner/dist/xulrunner-sdk/include/nsTString.h:595: error: ‘F_VOIDED’ was not declared in this scope
/home/gmbecker/gabe/checkedout/FirefoxSource192/obj-xulrunner/dist/xulrunner-sdk/include/nsTString.h: In member function ‘const char* nsXPIDLCString::get() const’:
/home/gmbecker/gabe/checkedout/FirefoxSource192/obj-xulrunner/dist/xulrunner-sdk/include/nsTString.h:603: error: ‘mFlags’ was not declared in this scope
/home/gmbecker/gabe/checkedout/FirefoxSource192/obj-xulrunner/dist/xulrunner-sdk/include/nsTString.h:603: error: ‘F_VOIDED’ was not declared in this scope
/home/gmbecker/gabe/checkedout/FirefoxSource192/obj-xulrunner/dist/xulrunner-sdk/include/nsTString.h:603: error: ‘mData’ was not declared in this scope
/home/gmbecker/gabe/checkedout/FirefoxSource192/obj-xulrunner/dist/xulrunner-sdk/include/nsTString.h: In member function ‘nsXPIDLCString& nsXPIDLCString::operator=(int)’:
/home/gmbecker/gabe/checkedout/FirefoxSource192/obj-xulrunner/dist/xulrunner-sdk/include/nsTString.h:623: error: ‘str’ was not declared in this scope
/home/gmbecker/gabe/checkedout/FirefoxSource192/obj-xulrunner/dist/xulrunner-sdk/include/nsTString.h: In member function ‘nsXPIDLCString& nsXPIDLCString::operator=(int)’:
/home/gmbecker/gabe/checkedout/FirefoxSource192/obj-xulrunner/dist/xulrunner-sdk/include/nsTString.h:624: error: ‘tuple’ was not declared in this scope
/home/gmbecker/gabe/checkedout/FirefoxSource192/obj-xulrunner/dist/xulrunner-sdk/include/nsTString.h: At global scope:
/home/gmbecker/gabe/checkedout/FirefoxSource192/obj-xulrunner/dist/xulrunner-sdk/include/nsTString.h:640: error: redefinition of ‘class nsCGetterCopies_external’
/home/gmbecker/gabe/checkedout/FirefoxSource192/obj-xulrunner/dist/xulrunner-sdk/include/nsStringAPI.h:1142: error: previous definition of ‘class nsCGetterCopies_external’
/home/gmbecker/gabe/checkedout/FirefoxSource192/obj-xulrunner/dist/xulrunner-sdk/include/nsTString.h: In function ‘nsCGetterCopies_external getter_Copies(nsACString&)’:
/home/gmbecker/gabe/checkedout/FirefoxSource192/obj-xulrunner/dist/xulrunner-sdk/include/nsTString.h:667: error: no matching function for call to ‘nsCGetterCopies_external::nsCGetterCopies_external(nsACString&)’
/home/gmbecker/gabe/checkedout/FirefoxSource192/obj-xulrunner/dist/xulrunner-sdk/include/nsStringAPI.h:1146: note: candidates are: nsCGetterCopies_external::nsCGetterCopies_external(nsCString_external&)
/home/gmbecker/gabe/checkedout/FirefoxSource192/obj-xulrunner/dist/xulrunner-sdk/include/nsStringAPI.h:1142: note:                 nsCGetterCopies_external::nsCGetterCopies_external(const nsCGetterCopies_external&)
/home/gmbecker/gabe/checkedout/FirefoxSource192/obj-xulrunner/dist/xulrunner-sdk/include/nsTString.h: At global scope:
/home/gmbecker/gabe/checkedout/FirefoxSource192/obj-xulrunner/dist/xulrunner-sdk/include/nsTString.h:703: error: ISO C++ forbids declaration of ‘substring_type’ with no type
/home/gmbecker/gabe/checkedout/FirefoxSource192/obj-xulrunner/dist/xulrunner-sdk/include/nsTString.h:703: error: expected ‘,’ or ‘...’ before ‘&’ token
/home/gmbecker/gabe/checkedout/FirefoxSource192/obj-xulrunner/dist/xulrunner-sdk/include/nsTString.h:704: error: ISO C++ forbids declaration of ‘substring_tuple_type’ with no type
/home/gmbecker/gabe/checkedout/FirefoxSource192/obj-xulrunner/dist/xulrunner-sdk/include/nsTString.h:704: error: expected ‘,’ or ‘...’ before ‘&’ token
/home/gmbecker/gabe/checkedout/FirefoxSource192/obj-xulrunner/dist/xulrunner-sdk/include/nsTString.h:704: error: ‘nsAdoptingCString& nsAdoptingCString::operator=(int)’ cannot be overloaded
/home/gmbecker/gabe/checkedout/FirefoxSource192/obj-xulrunner/dist/xulrunner-sdk/include/nsTString.h:703: error: with ‘nsAdoptingCString& nsAdoptingCString::operator=(int)’
/home/gmbecker/gabe/checkedout/FirefoxSource192/obj-xulrunner/dist/xulrunner-sdk/include/nsTString.h: In member function ‘nsAdoptingCString& nsAdoptingCString::operator=(int)’:
/home/gmbecker/gabe/checkedout/FirefoxSource192/obj-xulrunner/dist/xulrunner-sdk/include/nsTString.h:703: error: ‘str’ was not declared in this scope
/home/gmbecker/gabe/checkedout/FirefoxSource192/obj-xulrunner/dist/xulrunner-sdk/include/nsTString.h: In member function ‘nsAdoptingCString& nsAdoptingCString::operator=(int)’:
/home/gmbecker/gabe/checkedout/FirefoxSource192/obj-xulrunner/dist/xulrunner-sdk/include/nsTString.h:704: error: ‘tuple’ was not declared in this scope
In file included from /home/gmbecker/gabe/checkedout/FirefoxSource192/obj-xulrunner/dist/xulrunner-sdk/include/nsContentList.h:49,
                 from /home/gmbecker/gabe/checkedout/FirefoxSource192/obj-xulrunner/dist/xulrunner-sdk/include/nsContentUtils.h:52,
                 from Revaluator.cpp:27:
/home/gmbecker/gabe/checkedout/FirefoxSource192/obj-xulrunner/dist/xulrunner-sdk/include/nsString.h: At global scope:
/home/gmbecker/gabe/checkedout/FirefoxSource192/obj-xulrunner/dist/xulrunner-sdk/include/nsString.h:86: error: redefinition of ‘class NS_LossyConvertUTF16toASCII_external’
/home/gmbecker/gabe/checkedout/FirefoxSource192/obj-xulrunner/dist/xulrunner-sdk/include/nsStringAPI.h:1023: error: previous definition of ‘class NS_LossyConvertUTF16toASCII_external’
/home/gmbecker/gabe/checkedout/FirefoxSource192/obj-xulrunner/dist/xulrunner-sdk/include/nsString.h:112: error: redefinition of ‘class NS_ConvertASCIItoUTF16_external’
/home/gmbecker/gabe/checkedout/FirefoxSource192/obj-xulrunner/dist/xulrunner-sdk/include/nsStringAPI.h:957: error: previous definition of ‘class NS_ConvertASCIItoUTF16_external’
/home/gmbecker/gabe/checkedout/FirefoxSource192/obj-xulrunner/dist/xulrunner-sdk/include/nsString.h:141: error: redefinition of ‘class NS_ConvertUTF16toUTF8_external’
/home/gmbecker/gabe/checkedout/FirefoxSource192/obj-xulrunner/dist/xulrunner-sdk/include/nsStringAPI.h:1001: error: previous definition of ‘class NS_ConvertUTF16toUTF8_external’
/home/gmbecker/gabe/checkedout/FirefoxSource192/obj-xulrunner/dist/xulrunner-sdk/include/nsString.h:167: error: redefinition of ‘class NS_ConvertUTF8toUTF16_external’
/home/gmbecker/gabe/checkedout/FirefoxSource192/obj-xulrunner/dist/xulrunner-sdk/include/nsStringAPI.h:979: error: previous definition of ‘class NS_ConvertUTF8toUTF16_external’
In file included from /home/gmbecker/gabe/checkedout/FirefoxSource192/obj-xulrunner/dist/xulrunner-sdk/include/nsDependentString.h:52,
                 from /home/gmbecker/gabe/checkedout/FirefoxSource192/obj-xulrunner/dist/xulrunner-sdk/include/nsString.h:197,
                 from /home/gmbecker/gabe/checkedout/FirefoxSource192/obj-xulrunner/dist/xulrunner-sdk/include/nsContentList.h:49,
                 from /home/gmbecker/gabe/checkedout/FirefoxSource192/obj-xulrunner/dist/xulrunner-sdk/include/nsContentUtils.h:52,
                 from Revaluator.cpp:27:
/home/gmbecker/gabe/checkedout/FirefoxSource192/obj-xulrunner/dist/xulrunner-sdk/include/nsTDependentString.h:52: error: redefinition of ‘class nsDependentString_external’
/home/gmbecker/gabe/checkedout/FirefoxSource192/obj-xulrunner/dist/xulrunner-sdk/include/nsStringAPI.h:879: error: previous definition of ‘class nsDependentString_external’
In file included from /home/gmbecker/gabe/checkedout/FirefoxSource192/obj-xulrunner/dist/xulrunner-sdk/include/nsDependentString.h:57,
                 from /home/gmbecker/gabe/checkedout/FirefoxSource192/obj-xulrunner/dist/xulrunner-sdk/include/nsString.h:197,
                 from /home/gmbecker/gabe/checkedout/FirefoxSource192/obj-xulrunner/dist/xulrunner-sdk/include/nsContentList.h:49,
                 from /home/gmbecker/gabe/checkedout/FirefoxSource192/obj-xulrunner/dist/xulrunner-sdk/include/nsContentUtils.h:52,
                 from Revaluator.cpp:27:
/home/gmbecker/gabe/checkedout/FirefoxSource192/obj-xulrunner/dist/xulrunner-sdk/include/nsTDependentString.h:52: error: redefinition of ‘class nsDependentCString_external’
/home/gmbecker/gabe/checkedout/FirefoxSource192/obj-xulrunner/dist/xulrunner-sdk/include/nsStringAPI.h:902: error: previous definition of ‘class nsDependentCString_external’
In file included from /home/gmbecker/gabe/checkedout/FirefoxSource192/obj-xulrunner/dist/xulrunner-sdk/include/nsPromiseFlatString.h:48,
                 from /home/gmbecker/gabe/checkedout/FirefoxSource192/obj-xulrunner/dist/xulrunner-sdk/include/nsString.h:205,
                 from /home/gmbecker/gabe/checkedout/FirefoxSource192/obj-xulrunner/dist/xulrunner-sdk/include/nsContentList.h:49,
                 from /home/gmbecker/gabe/checkedout/FirefoxSource192/obj-xulrunner/dist/xulrunner-sdk/include/nsContentUtils.h:52,
                 from Revaluator.cpp:27:
/home/gmbecker/gabe/checkedout/FirefoxSource192/obj-xulrunner/dist/xulrunner-sdk/include/nsTPromiseFlatString.h:102: error: ISO C++ forbids declaration of ‘substring_type’ with no type
/home/gmbecker/gabe/checkedout/FirefoxSource192/obj-xulrunner/dist/xulrunner-sdk/include/nsTPromiseFlatString.h:102: error: expected ‘,’ or ‘...’ before ‘&’ token
/home/gmbecker/gabe/checkedout/FirefoxSource192/obj-xulrunner/dist/xulrunner-sdk/include/nsTPromiseFlatString.h:113: error: ISO C++ forbids declaration of ‘substring_type’ with no type
/home/gmbecker/gabe/checkedout/FirefoxSource192/obj-xulrunner/dist/xulrunner-sdk/include/nsTPromiseFlatString.h:113: error: expected ‘,’ or ‘...’ before ‘&’ token
/home/gmbecker/gabe/checkedout/FirefoxSource192/obj-xulrunner/dist/xulrunner-sdk/include/nsTPromiseFlatString.h:120: error: ISO C++ forbids declaration of ‘substring_tuple_type’ with no type
/home/gmbecker/gabe/checkedout/FirefoxSource192/obj-xulrunner/dist/xulrunner-sdk/include/nsTPromiseFlatString.h:120: error: expected ‘,’ or ‘...’ before ‘&’ token
/home/gmbecker/gabe/checkedout/FirefoxSource192/obj-xulrunner/dist/xulrunner-sdk/include/nsTPromiseFlatString.h:120: error: ‘nsPromiseFlatString::nsPromiseFlatString(int)’ cannot be overloaded
/home/gmbecker/gabe/checkedout/FirefoxSource192/obj-xulrunner/dist/xulrunner-sdk/include/nsTPromiseFlatString.h:113: error: with ‘nsPromiseFlatString::nsPromiseFlatString(int)’
/home/gmbecker/gabe/checkedout/FirefoxSource192/obj-xulrunner/dist/xulrunner-sdk/include/nsTPromiseFlatString.h: In constructor ‘nsPromiseFlatString::nsPromiseFlatString(int)’:
/home/gmbecker/gabe/checkedout/FirefoxSource192/obj-xulrunner/dist/xulrunner-sdk/include/nsTPromiseFlatString.h:114: error: class ‘nsPromiseFlatString’ does not have any field named ‘string_type’
/home/gmbecker/gabe/checkedout/FirefoxSource192/obj-xulrunner/dist/xulrunner-sdk/include/nsTPromiseFlatString.h:116: error: ‘str’ was not declared in this scope
/home/gmbecker/gabe/checkedout/FirefoxSource192/obj-xulrunner/dist/xulrunner-sdk/include/nsTPromiseFlatString.h: In constructor ‘nsPromiseFlatString::nsPromiseFlatString(int)’:
/home/gmbecker/gabe/checkedout/FirefoxSource192/obj-xulrunner/dist/xulrunner-sdk/include/nsTPromiseFlatString.h:121: error: class ‘nsPromiseFlatString’ does not have any field named ‘string_type’
/home/gmbecker/gabe/checkedout/FirefoxSource192/obj-xulrunner/dist/xulrunner-sdk/include/nsTPromiseFlatString.h:125: error: ‘tuple’ was not declared in this scope
/home/gmbecker/gabe/checkedout/FirefoxSource192/obj-xulrunner/dist/xulrunner-sdk/include/nsTPromiseFlatString.h: In function ‘const nsPromiseFlatString PromiseFlatString(const nsAString&)’:
/home/gmbecker/gabe/checkedout/FirefoxSource192/obj-xulrunner/dist/xulrunner-sdk/include/nsTPromiseFlatString.h:132: error: ‘const nsPromiseFlatString PromiseFlatString(const nsAString&)’ redeclared as different kind of symbol
/home/gmbecker/gabe/checkedout/FirefoxSource192/obj-xulrunner/dist/xulrunner-sdk/include/nsStringAPI.h:1421: error: previous declaration of ‘typedef class nsString_external PromiseFlatString’
/home/gmbecker/gabe/checkedout/FirefoxSource192/obj-xulrunner/dist/xulrunner-sdk/include/nsTPromiseFlatString.h:134: error: no matching function for call to ‘nsPromiseFlatString::nsPromiseFlatString(const nsAString&)’
/home/gmbecker/gabe/checkedout/FirefoxSource192/obj-xulrunner/dist/xulrunner-sdk/include/nsTPromiseFlatString.h:113: note: candidates are: nsPromiseFlatString::nsPromiseFlatString(int)
/home/gmbecker/gabe/checkedout/FirefoxSource192/obj-xulrunner/dist/xulrunner-sdk/include/nsTPromiseFlatString.h:108: note:                 nsPromiseFlatString::nsPromiseFlatString()
/home/gmbecker/gabe/checkedout/FirefoxSource192/obj-xulrunner/dist/xulrunner-sdk/include/nsTPromiseFlatString.h:95: note:                 nsPromiseFlatString::nsPromiseFlatString(const nsPromiseFlatString&)
/home/gmbecker/gabe/checkedout/FirefoxSource192/obj-xulrunner/dist/xulrunner-sdk/include/nsTPromiseFlatString.h: In function ‘const nsPromiseFlatString PromiseFlatString(const nsSubstringTuple&)’:
/home/gmbecker/gabe/checkedout/FirefoxSource192/obj-xulrunner/dist/xulrunner-sdk/include/nsTPromiseFlatString.h:140: error: ‘const nsPromiseFlatString PromiseFlatString(const nsSubstringTuple&)’ redeclared as different kind of symbol
/home/gmbecker/gabe/checkedout/FirefoxSource192/obj-xulrunner/dist/xulrunner-sdk/include/nsStringAPI.h:1421: error: previous declaration of ‘typedef class nsString_external PromiseFlatString’
/home/gmbecker/gabe/checkedout/FirefoxSource192/obj-xulrunner/dist/xulrunner-sdk/include/nsTPromiseFlatString.h:142: error: no matching function for call to ‘nsPromiseFlatString::nsPromiseFlatString(const nsSubstringTuple&)’
/home/gmbecker/gabe/checkedout/FirefoxSource192/obj-xulrunner/dist/xulrunner-sdk/include/nsTPromiseFlatString.h:113: note: candidates are: nsPromiseFlatString::nsPromiseFlatString(int)
/home/gmbecker/gabe/checkedout/FirefoxSource192/obj-xulrunner/dist/xulrunner-sdk/include/nsTPromiseFlatString.h:108: note:                 nsPromiseFlatString::nsPromiseFlatString()
/home/gmbecker/gabe/checkedout/FirefoxSource192/obj-xulrunner/dist/xulrunner-sdk/include/nsTPromiseFlatString.h:95: note:                 nsPromiseFlatString::nsPromiseFlatString(const nsPromiseFlatString&)
In file included from /home/gmbecker/gabe/checkedout/FirefoxSource192/obj-xulrunner/dist/xulrunner-sdk/include/nsPromiseFlatString.h:53,
                 from /home/gmbecker/gabe/checkedout/FirefoxSource192/obj-xulrunner/dist/xulrunner-sdk/include/nsString.h:205,
                 from /home/gmbecker/gabe/checkedout/FirefoxSource192/obj-xulrunner/dist/xulrunner-sdk/include/nsContentList.h:49,
                 from /home/gmbecker/gabe/checkedout/FirefoxSource192/obj-xulrunner/dist/xulrunner-sdk/include/nsContentUtils.h:52,
                 from Revaluator.cpp:27:
/home/gmbecker/gabe/checkedout/FirefoxSource192/obj-xulrunner/dist/xulrunner-sdk/include/nsTPromiseFlatString.h: At global scope:
/home/gmbecker/gabe/checkedout/FirefoxSource192/obj-xulrunner/dist/xulrunner-sdk/include/nsTPromiseFlatString.h:102: error: ISO C++ forbids declaration of ‘substring_type’ with no type
/home/gmbecker/gabe/checkedout/FirefoxSource192/obj-xulrunner/dist/xulrunner-sdk/include/nsTPromiseFlatString.h:102: error: expected ‘,’ or ‘...’ before ‘&’ token
/home/gmbecker/gabe/checkedout/FirefoxSource192/obj-xulrunner/dist/xulrunner-sdk/include/nsTPromiseFlatString.h:113: error: ISO C++ forbids declaration of ‘substring_type’ with no type
/home/gmbecker/gabe/checkedout/FirefoxSource192/obj-xulrunner/dist/xulrunner-sdk/include/nsTPromiseFlatString.h:113: error: expected ‘,’ or ‘...’ before ‘&’ token
/home/gmbecker/gabe/checkedout/FirefoxSource192/obj-xulrunner/dist/xulrunner-sdk/include/nsTPromiseFlatString.h:120: error: ISO C++ forbids declaration of ‘substring_tuple_type’ with no type
/home/gmbecker/gabe/checkedout/FirefoxSource192/obj-xulrunner/dist/xulrunner-sdk/include/nsTPromiseFlatString.h:120: error: expected ‘,’ or ‘...’ before ‘&’ token
/home/gmbecker/gabe/checkedout/FirefoxSource192/obj-xulrunner/dist/xulrunner-sdk/include/nsTPromiseFlatString.h:120: error: ‘nsPromiseFlatCString::nsPromiseFlatCString(int)’ cannot be overloaded
/home/gmbecker/gabe/checkedout/FirefoxSource192/obj-xulrunner/dist/xulrunner-sdk/include/nsTPromiseFlatString.h:113: error: with ‘nsPromiseFlatCString::nsPromiseFlatCString(int)’
/home/gmbecker/gabe/checkedout/FirefoxSource192/obj-xulrunner/dist/xulrunner-sdk/include/nsTPromiseFlatString.h: In constructor ‘nsPromiseFlatCString::nsPromiseFlatCString(int)’:
/home/gmbecker/gabe/checkedout/FirefoxSource192/obj-xulrunner/dist/xulrunner-sdk/include/nsTPromiseFlatString.h:114: error: class ‘nsPromiseFlatCString’ does not have any field named ‘string_type’
/home/gmbecker/gabe/checkedout/FirefoxSource192/obj-xulrunner/dist/xulrunner-sdk/include/nsTPromiseFlatString.h:116: error: ‘str’ was not declared in this scope
/home/gmbecker/gabe/checkedout/FirefoxSource192/obj-xulrunner/dist/xulrunner-sdk/include/nsTPromiseFlatString.h: In constructor ‘nsPromiseFlatCString::nsPromiseFlatCString(int)’:
/home/gmbecker/gabe/checkedout/FirefoxSource192/obj-xulrunner/dist/xulrunner-sdk/include/nsTPromiseFlatString.h:121: error: class ‘nsPromiseFlatCString’ does not have any field named ‘string_type’
/home/gmbecker/gabe/checkedout/FirefoxSource192/obj-xulrunner/dist/xulrunner-sdk/include/nsTPromiseFlatString.h:125: error: ‘tuple’ was not declared in this scope
/home/gmbecker/gabe/checkedout/FirefoxSource192/obj-xulrunner/dist/xulrunner-sdk/include/nsTPromiseFlatString.h: In function ‘const nsPromiseFlatCString PromiseFlatCString(const nsACString&)’:
/home/gmbecker/gabe/checkedout/FirefoxSource192/obj-xulrunner/dist/xulrunner-sdk/include/nsTPromiseFlatString.h:132: error: ‘const nsPromiseFlatCString PromiseFlatCString(const nsACString&)’ redeclared as different kind of symbol
/home/gmbecker/gabe/checkedout/FirefoxSource192/obj-xulrunner/dist/xulrunner-sdk/include/nsStringAPI.h:1422: error: previous declaration of ‘typedef class nsCString_external PromiseFlatCString’
/home/gmbecker/gabe/checkedout/FirefoxSource192/obj-xulrunner/dist/xulrunner-sdk/include/nsTPromiseFlatString.h:134: error: no matching function for call to ‘nsPromiseFlatCString::nsPromiseFlatCString(const nsACString&)’
/home/gmbecker/gabe/checkedout/FirefoxSource192/obj-xulrunner/dist/xulrunner-sdk/include/nsTPromiseFlatString.h:113: note: candidates are: nsPromiseFlatCString::nsPromiseFlatCString(int)
/home/gmbecker/gabe/checkedout/FirefoxSource192/obj-xulrunner/dist/xulrunner-sdk/include/nsTPromiseFlatString.h:108: note:                 nsPromiseFlatCString::nsPromiseFlatCString()
/home/gmbecker/gabe/checkedout/FirefoxSource192/obj-xulrunner/dist/xulrunner-sdk/include/nsTPromiseFlatString.h:95: note:                 nsPromiseFlatCString::nsPromiseFlatCString(const nsPromiseFlatCString&)
/home/gmbecker/gabe/checkedout/FirefoxSource192/obj-xulrunner/dist/xulrunner-sdk/include/nsTPromiseFlatString.h: In function ‘const nsPromiseFlatCString PromiseFlatCString(const nsCSubstringTuple&)’:
/home/gmbecker/gabe/checkedout/FirefoxSource192/obj-xulrunner/dist/xulrunner-sdk/include/nsTPromiseFlatString.h:140: error: ‘const nsPromiseFlatCString PromiseFlatCString(const nsCSubstringTuple&)’ redeclared as different kind of symbol
/home/gmbecker/gabe/checkedout/FirefoxSource192/obj-xulrunner/dist/xulrunner-sdk/include/nsStringAPI.h:1422: error: previous declaration of ‘typedef class nsCString_external PromiseFlatCString’
/home/gmbecker/gabe/checkedout/FirefoxSource192/obj-xulrunner/dist/xulrunner-sdk/include/nsTPromiseFlatString.h:142: error: no matching function for call to ‘nsPromiseFlatCString::nsPromiseFlatCString(const nsCSubstringTuple&)’
/home/gmbecker/gabe/checkedout/FirefoxSource192/obj-xulrunner/dist/xulrunner-sdk/include/nsTPromiseFlatString.h:113: note: candidates are: nsPromiseFlatCString::nsPromiseFlatCString(int)
/home/gmbecker/gabe/checkedout/FirefoxSource192/obj-xulrunner/dist/xulrunner-sdk/include/nsTPromiseFlatString.h:108: note:                 nsPromiseFlatCString::nsPromiseFlatCString()
/home/gmbecker/gabe/checkedout/FirefoxSource192/obj-xulrunner/dist/xulrunner-sdk/include/nsTPromiseFlatString.h:95: note:                 nsPromiseFlatCString::nsPromiseFlatCString(const nsPromiseFlatCString&)
In file included from /home/gmbecker/gabe/checkedout/FirefoxSource192/obj-xulrunner/dist/xulrunner-sdk/include/nsContentList.h:49,
                 from /home/gmbecker/gabe/checkedout/FirefoxSource192/obj-xulrunner/dist/xulrunner-sdk/include/nsContentUtils.h:52,
                 from Revaluator.cpp:27:
/home/gmbecker/gabe/checkedout/FirefoxSource192/obj-xulrunner/dist/xulrunner-sdk/include/nsString.h: In function ‘void Recycle(char*)’:
/home/gmbecker/gabe/checkedout/FirefoxSource192/obj-xulrunner/dist/xulrunner-sdk/include/nsString.h:229: error: expected unqualified-id before ‘(’ token
/home/gmbecker/gabe/checkedout/FirefoxSource192/obj-xulrunner/dist/xulrunner-sdk/include/nsString.h: In function ‘void Recycle(PRUnichar*)’:
/home/gmbecker/gabe/checkedout/FirefoxSource192/obj-xulrunner/dist/xulrunner-sdk/include/nsString.h:230: error: expected unqualified-id before ‘(’ token
In file included from /home/gmbecker/gabe/checkedout/FirefoxSource192/obj-xulrunner/dist/xulrunner-sdk/include/nsContentUtils.h:52,
                 from Revaluator.cpp:27:
/home/gmbecker/gabe/checkedout/FirefoxSource192/obj-xulrunner/dist/xulrunner-sdk/include/nsContentList.h: At global scope:
/home/gmbecker/gabe/checkedout/FirefoxSource192/obj-xulrunner/dist/xulrunner-sdk/include/nsContentList.h:96: warning: ‘nsBaseContentList::cycleCollection’ declared with greater visibility than the type of its field ‘nsBaseContentList::cycleCollection::<anonymous>’
/home/gmbecker/gabe/checkedout/FirefoxSource192/obj-xulrunner/dist/xulrunner-sdk/include/nsContentList.h:96: warning: ‘nsBaseContentList::cycleCollection’ declared with greater visibility than its base ‘nsXPCOMCycleCollectionParticipant’
In file included from /home/gmbecker/gabe/checkedout/FirefoxSource192/obj-xulrunner/dist/xulrunner-sdk/include/nsIDocument.h:44,
                 from Revaluator.cpp:10:
/home/gmbecker/gabe/checkedout/FirefoxSource192/obj-xulrunner/dist/xulrunner-sdk/include/nsCOMArray.h: In instantiation of ‘nsCOMArray<nsIContent>’:
/home/gmbecker/gabe/checkedout/FirefoxSource192/obj-xulrunner/dist/xulrunner-sdk/include/nsContentList.h:120:   instantiated from here
/home/gmbecker/gabe/checkedout/FirefoxSource192/obj-xulrunner/dist/xulrunner-sdk/include/nsCOMArray.h:147: warning: ‘nsCOMArray<nsIContent>’ declared with greater visibility than the type of its field ‘nsCOMArray<nsIContent>::<anonymous>’
/home/gmbecker/gabe/checkedout/FirefoxSource192/obj-xulrunner/dist/xulrunner-sdk/include/nsCOMArray.h:147: warning: ‘nsCOMArray<nsIContent>’ declared with greater visibility than its base ‘nsCOMArray_base’
In file included from /home/gmbecker/gabe/checkedout/FirefoxSource192/obj-xulrunner/dist/xulrunner-sdk/include/nsContentUtils.h:57,
                 from Revaluator.cpp:27:
/home/gmbecker/gabe/checkedout/FirefoxSource192/obj-xulrunner/dist/xulrunner-sdk/include/nsIScriptRuntime.h:66: error: ISO C++ forbids declaration of ‘nsString_external’ with no type
/home/gmbecker/gabe/checkedout/FirefoxSource192/obj-xulrunner/dist/xulrunner-sdk/include/nsIScriptRuntime.h:66: error: expected ‘,’ or ‘...’ before ‘&’ token
In file included from Revaluator.cpp:27:
/home/gmbecker/gabe/checkedout/FirefoxSource192/obj-xulrunner/dist/xulrunner-sdk/include/nsContentUtils.h:1266: error: ISO C++ forbids declaration of ‘nsString_external’ with no type
/home/gmbecker/gabe/checkedout/FirefoxSource192/obj-xulrunner/dist/xulrunner-sdk/include/nsContentUtils.h:1266: error: expected ‘,’ or ‘...’ before ‘&’ token
/home/gmbecker/gabe/checkedout/FirefoxSource192/obj-xulrunner/dist/xulrunner-sdk/include/nsContentUtils.h:1458: error: ‘nsCString_external’ is not a type
/home/gmbecker/gabe/checkedout/FirefoxSource192/obj-xulrunner/dist/xulrunner-sdk/include/nsContentUtils.h:1459: error: ‘nsCString_external’ is not a type
/home/gmbecker/gabe/checkedout/FirefoxSource192/obj-xulrunner/dist/xulrunner-sdk/include/nsContentUtils.h:1461: error: ‘nsString_external’ is not a type
/home/gmbecker/gabe/checkedout/FirefoxSource192/obj-xulrunner/dist/xulrunner-sdk/include/nsContentUtils.h:1462: error: ‘nsString_external’ is not a type
In file included from /home/gmbecker/gabe/checkedout/FirefoxSource192/obj-xulrunner/dist/xulrunner-sdk/include/nsStringAPI.h:56,
                 from /home/gmbecker/gabe/checkedout/FirefoxSource192/obj-xulrunner/dist/xulrunner-sdk/include/nsStringGlue.h:52,
                 from /home/gmbecker/gabe/checkedout/FirefoxSource192/obj-xulrunner/dist/xulrunner-sdk/include/nsIScriptContext.h:42,
                 from Revaluator.cpp:3:
/home/gmbecker/gabe/checkedout/FirefoxSource192/obj-xulrunner/dist/xulrunner-sdk/include/nsTArray.h: In instantiation of ‘nsTArray<nsISupports**>’:
/home/gmbecker/gabe/checkedout/FirefoxSource192/obj-xulrunner/dist/xulrunner-sdk/include/nsContentUtils.h:851:   instantiated from here
/home/gmbecker/gabe/checkedout/FirefoxSource192/obj-xulrunner/dist/xulrunner-sdk/include/nsTArray.h:257: warning: ‘nsTArray<nsISupports**>’ declared with greater visibility than the type of its field ‘nsTArray<nsISupports**>::<anonymous>’
/home/gmbecker/gabe/checkedout/FirefoxSource192/obj-xulrunner/dist/xulrunner-sdk/include/nsTArray.h:257: warning: ‘nsTArray<nsISupports**>’ declared with greater visibility than its base ‘nsTArray_base’
In file included from Revaluator.cpp:27:
/home/gmbecker/gabe/checkedout/FirefoxSource192/obj-xulrunner/dist/xulrunner-sdk/include/nsContentUtils.h: In static member function ‘static void nsContentUtils::DestroyMatchString(void*)’:
/home/gmbecker/gabe/checkedout/FirefoxSource192/obj-xulrunner/dist/xulrunner-sdk/include/nsContentUtils.h:1087: error: ‘matchString’ was not declared in this scope
/home/gmbecker/gabe/checkedout/FirefoxSource192/obj-xulrunner/dist/xulrunner-sdk/include/nsContentUtils.h:1087: error: expected type-specifier before ‘nsString_external’
/home/gmbecker/gabe/checkedout/FirefoxSource192/obj-xulrunner/dist/xulrunner-sdk/include/nsContentUtils.h:1087: error: expected ‘>’ before ‘nsString_external’
/home/gmbecker/gabe/checkedout/FirefoxSource192/obj-xulrunner/dist/xulrunner-sdk/include/nsContentUtils.h:1087: error: expected ‘(’ before ‘nsString_external’
/home/gmbecker/gabe/checkedout/FirefoxSource192/obj-xulrunner/dist/xulrunner-sdk/include/nsContentUtils.h:1087: error: expected primary-expression before ‘>’ token
/home/gmbecker/gabe/checkedout/FirefoxSource192/obj-xulrunner/dist/xulrunner-sdk/include/nsContentUtils.h:1087: error: expected ‘)’ before ‘;’ token
/home/gmbecker/gabe/checkedout/FirefoxSource192/obj-xulrunner/dist/xulrunner-sdk/include/nsContentUtils.h:1088: error: type ‘<type error>’ argument given to ‘delete’, expected pointer
Revaluator.cpp: In function ‘nsresult TestnsScriptContext(nsIScriptContext*, nsIPrincipal*)’:
Revaluator.cpp:553: warning: format ‘%u’ expects type ‘unsigned int’, but argument 3 has type ‘nsIPrincipal*’
Revaluator.cpp: In function ‘JSBool FunCallTest(nsIPrincipal*, JSContext*)’:
Revaluator.cpp:633: warning: format ‘%u’ expects type ‘unsigned int’, but argument 4 has type ‘size_t’
Revaluator.cpp:666: warning: format ‘%u’ expects type ‘unsigned int’, but argument 3 has type ‘jsval’
Revaluator.cpp:666: warning: format ‘%u’ expects type ‘unsigned int’, but argument 4 has type ‘jsval*’
Revaluator.cpp:666: warning: format ‘%u’ expects type ‘unsigned int’, but argument 5 has type ‘jsval*’
make: *** [Revaluator.o] Error 1
